BASeCamp CDebug Class Debug Log output.
log at 01/16/2008 on FASTLORD as mburgwin at 17:01.00
################################################################################
System Info for this session:
Environment variables:

ALLUSERSPROFILE=C:\Documents and Settings\All Users
APPDATA=C:\Documents and Settings\mburgwin\Application Data
BLASTER=A220 I10 D1 H7 P330 T6 E620
CLASSPATH=D:\programs\Java\classes.zip
CLIENTNAME=Console
CommonProgramFiles=C:\Program Files\Common Files
COMPUTERNAME=FASTLORD
ComSpec=C:\WINDOWS\system32\cmd.exe
DEVMGR_SHOW_DETAILS=1
DEVMGR_SHOW_NONPRESENT_DEVICES=1
EDPATH=D:\programs\WatcomCPP\EDDAT
FP_NO_HOST_CHECK=NO
HOMEDRIVE=C:
HOMEPATH=\Documents and Settings\mburgwin
INCLUDE=D:\programs\Microsoft.NET\FrameworkSDK\include\
LIB=D:\programs\Microsoft.NET\FrameworkSDK\Lib\
LOGONSERVER=\\FASTLORD
NUMBER_OF_PROCESSORS=1
OS=Windows_NT
Path=C:\program files\Perl\bin;D:\programs\ACTIVE~1\bin;C:\windows;C:\windows\system;C:\windows\system32;C:\windows\command;C:\windows\command\ppt;D:\programs\WatcomCPP\BINNT;D:\programs\WatcomCPP\BINW;D:\programs\netcat;E:\programs\Support Tools\;D:\programs\ATI Technologies\ATI Control Panel;C:\Program Files\Common Files\Adobe\AGL;D:\programs\Microsoft SQL Server\90\Tools\binn\;C:\PROGRA~1\COMMON~1\AUTODE~1;C:\PROGRA~1\Borland\Delphi6\Bin;C:\PROGRA~1\Borland\Delphi6\Projects\Bpl;D:\programs\Nmap
PATHEXT=.COM;.EXE;.BAT;.CMD;.VBS;.VBE;.JS;.JSE;.WSF;.WSH;.PL
PROCESSOR_ARCHITECTURE=x86
PROCESSOR_IDENTIFIER=x86 Family 5 Model 8 Stepping 12, AuthenticAMD
PROCESSOR_LEVEL=5
PROCESSOR_REVISION=080c
ProgramFiles=D:\programs
PROMPT=$p$g
QTJava=C:\WINDOWS\SYSTEM\QTJava.zip
SESSIONNAME=Console
SystemDrive=C:
SystemRoot=C:\WINDOWS
TEMP=C:\TEMP
TMP=C:\TEMP
TRUSTEDCLASSPATH=D:\programs\java\classes.zip
USERDOMAIN=FASTLORD
USERNAME=mburgwin
USERPROFILE=C:\Documents and Settings\mburgwin
VS80COMNTOOLS=D:\programs\Microsoft Visual Studio 8\Common7\Tools\
WATCOM=D:\programs\WatcomCPP
winbootdir=C:\WINDOWS
windir=C:\WINDOWS


################################################################################
***************BEGIN LOG*******************
ENTRY #1----------------------------------------
TimeStamp:01/16/2008 5:01.00 PM
Severity Class #0():
Drew a Line from (0,57) To (2.09999990463257,57)
ENTRY #2----------------------------------------
TimeStamp:01/16/2008 5:01.00 PM
Severity Class #0():
Drew a Line from (0,51.2999992370605) To (2.09999990463257,51.2999992370605)
ENTRY #3----------------------------------------
TimeStamp:01/16/2008 5:01.00 PM
Severity Class #0():
Drew a Line from (0,57) To (4.19999980926514,57)
ENTRY #4----------------------------------------
TimeStamp:01/16/2008 5:01.00 PM
Severity Class #0():
Drew a Line from (0,51.2999992370605) To (4.19999980926514,51.2999992370605)
ENTRY #5----------------------------------------
TimeStamp:01/16/2008 5:01.00 PM
Severity Class #0():
Drew a Line from (0,57) To (6.30000019073486,57)
ENTRY #6----------------------------------------
TimeStamp:01/16/2008 5:01.00 PM
Severity Class #0():
Drew a Line from (0,51.2999992370605) To (6.30000019073486,51.2999992370605)
ENTRY #7----------------------------------------
TimeStamp:01/16/2008 5:01.00 PM
Severity Class #0():
Drew a Line from (0,57) To (8.39999961853027,57)
ENTRY #8----------------------------------------
TimeStamp:01/16/2008 5:01.00 PM
Severity Class #0():
Drew a Line from (0,51.2999992370605) To (8.39999961853027,51.2999992370605)
ENTRY #9----------------------------------------
TimeStamp:01/16/2008 5:01.00 PM
Severity Class #0():
Drew a Line from (0,57) To (10.5,57)
ENTRY #10----------------------------------------
TimeStamp:01/16/2008 5:01.00 PM
Severity Class #0():
Drew a Line from (0,51.2999992370605) To (10.5,51.2999992370605)
ENTRY #11----------------------------------------
TimeStamp:01/16/2008 5:01.00 PM
Severity Class #0():
Drew a Line from (0,57) To (12.6000003814697,57)
ENTRY #12----------------------------------------
TimeStamp:01/16/2008 5:01.00 PM
Severity Class #0():
Drew a Line from (0,51.2999992370605) To (12.6000003814697,51.2999992370605)
ENTRY #13----------------------------------------
TimeStamp:01/16/2008 5:01.00 PM
Severity Class #0():
Drew a Line from (0,57) To (14.6999998092651,57)
ENTRY #14----------------------------------------
TimeStamp:01/16/2008 5:01.00 PM
Severity Class #0():
Drew a Line from (0,51.2999992370605) To (14.6999998092651,51.2999992370605)
ENTRY #15----------------------------------------
TimeStamp:01/16/2008 5:01.00 PM
Severity Class #0():
Drew a Line from (0,57) To (16.7999992370605,57)
ENTRY #16----------------------------------------
TimeStamp:01/16/2008 5:01.00 PM
Severity Class #0():
Drew a Line from (0,51.2999992370605) To (16.7999992370605,51.2999992370605)
ENTRY #17----------------------------------------
TimeStamp:01/16/2008 5:01.00 PM
Severity Class #0():
Drew a Line from (0,57) To (18.8999996185303,57)
ENTRY #18----------------------------------------
TimeStamp:01/16/2008 5:01.00 PM
Severity Class #0():
Drew a Line from (0,51.2999992370605) To (18.8999996185303,51.2999992370605)
ENTRY #19----------------------------------------
TimeStamp:01/16/2008 5:01.00 PM
Severity Class #0():
Drew a Line from (0,57) To (21,57)
ENTRY #20----------------------------------------
TimeStamp:01/16/2008 5:01.00 PM
Severity Class #0():
Drew a Line from (0,51.2999992370605) To (21,51.2999992370605)
ENTRY #21----------------------------------------
TimeStamp:01/16/2008 5:01.00 PM
Severity Class #0():
Drew a Line from (0,57) To (23.1000003814697,57)
ENTRY #22----------------------------------------
TimeStamp:01/16/2008 5:01.00 PM
Severity Class #0():
Drew a Line from (0,51.2999992370605) To (23.1000003814697,51.2999992370605)
ENTRY #23----------------------------------------
TimeStamp:01/16/2008 5:01.00 PM
Severity Class #0():
Drew a Line from (0,57) To (25.2000007629395,57)
ENTRY #24----------------------------------------
TimeStamp:01/16/2008 5:01.00 PM
Severity Class #0():
Drew a Line from (0,51.2999992370605) To (25.2000007629395,51.2999992370605)
ENTRY #25----------------------------------------
TimeStamp:01/16/2008 5:01.00 PM
Severity Class #0():
Drew a Line from (0,57) To (27.2999992370605,57)
ENTRY #26----------------------------------------
TimeStamp:01/16/2008 5:01.00 PM
Severity Class #0():
Drew a Line from (0,51.2999992370605) To (27.2999992370605,51.2999992370605)
ENTRY #27----------------------------------------
TimeStamp:01/16/2008 5:01.01 PM
Severity Class #0():
Drew a Line from (0,57) To (29.3999996185303,57)
ENTRY #28----------------------------------------
TimeStamp:01/16/2008 5:01.01 PM
Severity Class #0():
Drew a Line from (0,51.2999992370605) To (29.3999996185303,51.2999992370605)
ENTRY #29----------------------------------------
TimeStamp:01/16/2008 5:01.01 PM
Severity Class #0():
Drew a Line from (0,57) To (31.5,57)
ENTRY #30----------------------------------------
TimeStamp:01/16/2008 5:01.01 PM
Severity Class #0():
Drew a Line from (0,51.2999992370605) To (31.5,51.2999992370605)
ENTRY #31----------------------------------------
TimeStamp:01/16/2008 5:01.01 PM
Severity Class #0():
Drew a Line from (0,57) To (33.5999984741211,57)
ENTRY #32----------------------------------------
TimeStamp:01/16/2008 5:01.01 PM
Severity Class #0():
Drew a Line from (0,51.2999992370605) To (33.5999984741211,51.2999992370605)
ENTRY #33----------------------------------------
TimeStamp:01/16/2008 5:01.01 PM
Severity Class #0():
Drew a Line from (0,57) To (35.7000007629395,57)
ENTRY #34----------------------------------------
TimeStamp:01/16/2008 5:01.01 PM
Severity Class #0():
Drew a Line from (0,51.2999992370605) To (35.7000007629395,51.2999992370605)
ENTRY #35----------------------------------------
TimeStamp:01/16/2008 5:01.01 PM
Severity Class #0():
Drew a Line from (0,57) To (37.7999992370605,57)
ENTRY #36----------------------------------------
TimeStamp:01/16/2008 5:01.01 PM
Severity Class #0():
Drew a Line from (0,51.2999992370605) To (37.7999992370605,51.2999992370605)
ENTRY #37----------------------------------------
TimeStamp:01/16/2008 5:01.01 PM
Severity Class #0():
Drew a Line from (0,57) To (39.9000015258789,57)
ENTRY #38----------------------------------------
TimeStamp:01/16/2008 5:01.01 PM
Severity Class #0():
Drew a Line from (0,51.2999992370605) To (39.9000015258789,51.2999992370605)
ENTRY #39----------------------------------------
TimeStamp:01/16/2008 5:01.01 PM
Severity Class #0():
Drew a Line from (0,57) To (42,57)
ENTRY #40----------------------------------------
TimeStamp:01/16/2008 5:01.01 PM
Severity Class #0():
Drew a Line from (0,51.2999992370605) To (42,51.2999992370605)
ENTRY #41----------------------------------------
TimeStamp:01/16/2008 5:01.01 PM
Severity Class #0():
Drew a Line from (0,57) To (44.0999984741211,57)
ENTRY #42----------------------------------------
TimeStamp:01/16/2008 5:01.01 PM
Severity Class #0():
Drew a Line from (0,51.2999992370605) To (44.0999984741211,51.2999992370605)
ENTRY #43----------------------------------------
TimeStamp:01/16/2008 5:01.01 PM
Severity Class #0():
Drew a Line from (0,57) To (46.2000007629395,57)
ENTRY #44----------------------------------------
TimeStamp:01/16/2008 5:01.01 PM
Severity Class #0():
Drew a Line from (0,51.2999992370605) To (46.2000007629395,51.2999992370605)
ENTRY #45----------------------------------------
TimeStamp:01/16/2008 5:01.01 PM
Severity Class #0():
Drew a Line from (0,57) To (48.2999992370605,57)
ENTRY #46----------------------------------------
TimeStamp:01/16/2008 5:01.01 PM
Severity Class #0():
Drew a Line from (0,51.2999992370605) To (48.2999992370605,51.2999992370605)
ENTRY #47----------------------------------------
TimeStamp:01/16/2008 5:01.01 PM
Severity Class #0():
Drew a Line from (0,57) To (50.4000015258789,57)
ENTRY #48----------------------------------------
TimeStamp:01/16/2008 5:01.01 PM
Severity Class #0():
Drew a Line from (0,51.2999992370605) To (50.4000015258789,51.2999992370605)
ENTRY #49----------------------------------------
TimeStamp:01/16/2008 5:01.01 PM
Severity Class #0():
Drew a Line from (0,57) To (52.5,57)
ENTRY #50----------------------------------------
TimeStamp:01/16/2008 5:01.01 PM
Severity Class #0():
Drew a Line from (0,51.2999992370605) To (52.5,51.2999992370605)
ENTRY #51----------------------------------------
TimeStamp:01/16/2008 5:01.01 PM
Severity Class #0():
Drew a Line from (0,57) To (54.5999984741211,57)
ENTRY #52----------------------------------------
TimeStamp:01/16/2008 5:01.01 PM
Severity Class #0():
Drew a Line from (0,51.2999992370605) To (54.5999984741211,51.2999992370605)
ENTRY #53----------------------------------------
TimeStamp:01/16/2008 5:01.02 PM
Severity Class #0():
Drew a Line from (0,57) To (56.7000007629395,57)
ENTRY #54----------------------------------------
TimeStamp:01/16/2008 5:01.02 PM
Severity Class #0():
Drew a Line from (0,51.2999992370605) To (56.7000007629395,51.2999992370605)
ENTRY #55----------------------------------------
TimeStamp:01/16/2008 5:01.02 PM
Severity Class #0():
Drew a Line from (0,57) To (58.7999992370605,57)
ENTRY #56----------------------------------------
TimeStamp:01/16/2008 5:01.02 PM
Severity Class #0():
Drew a Line from (0,51.2999992370605) To (58.7999992370605,51.2999992370605)
ENTRY #57----------------------------------------
TimeStamp:01/16/2008 5:01.02 PM
Severity Class #0():
Drew a Line from (0,57) To (60.9000015258789,57)
ENTRY #58----------------------------------------
TimeStamp:01/16/2008 5:01.02 PM
Severity Class #0():
Drew a Line from (0,51.2999992370605) To (60.9000015258789,51.2999992370605)
ENTRY #59----------------------------------------
TimeStamp:01/16/2008 5:01.02 PM
Severity Class #0():
Drew a Line from (0,57) To (63,57)
ENTRY #60----------------------------------------
TimeStamp:01/16/2008 5:01.02 PM
Severity Class #0():
Drew a Line from (0,51.2999992370605) To (63,51.2999992370605)
ENTRY #61----------------------------------------
TimeStamp:01/16/2008 5:01.02 PM
Severity Class #0():
Drew a Line from (0,57) To (65.0999984741211,57)
ENTRY #62----------------------------------------
TimeStamp:01/16/2008 5:01.02 PM
Severity Class #0():
Drew a Line from (0,51.2999992370605) To (65.0999984741211,51.2999992370605)
ENTRY #63----------------------------------------
TimeStamp:01/16/2008 5:01.02 PM
Severity Class #0():
Drew a Line from (0,57) To (67.1999969482422,57)
ENTRY #64----------------------------------------
TimeStamp:01/16/2008 5:01.02 PM
Severity Class #0():
Drew a Line from (0,51.2999992370605) To (67.1999969482422,51.2999992370605)
ENTRY #65----------------------------------------
TimeStamp:01/16/2008 5:01.02 PM
Severity Class #0():
Drew a Line from (0,57) To (69.3000030517578,57)
ENTRY #66----------------------------------------
TimeStamp:01/16/2008 5:01.02 PM
Severity Class #0():
Drew a Line from (0,51.2999992370605) To (69.3000030517578,51.2999992370605)
ENTRY #67----------------------------------------
TimeStamp:01/16/2008 5:01.02 PM
Severity Class #0():
Drew a Line from (0,57) To (71.4000015258789,57)
ENTRY #68----------------------------------------
TimeStamp:01/16/2008 5:01.02 PM
Severity Class #0():
Drew a Line from (0,51.2999992370605) To (71.4000015258789,51.2999992370605)
ENTRY #69----------------------------------------
TimeStamp:01/16/2008 5:01.02 PM
Severity Class #0():
Drew a Line from (0,57) To (73.5,57)
ENTRY #70----------------------------------------
TimeStamp:01/16/2008 5:01.02 PM
Severity Class #0():
Drew a Line from (0,51.2999992370605) To (73.5,51.2999992370605)
ENTRY #71----------------------------------------
TimeStamp:01/16/2008 5:01.02 PM
Severity Class #0():
Drew a Line from (0,57) To (75.5999984741211,57)
ENTRY #72----------------------------------------
TimeStamp:01/16/2008 5:01.02 PM
Severity Class #0():
Drew a Line from (0,51.2999992370605) To (75.5999984741211,51.2999992370605)
ENTRY #73----------------------------------------
TimeStamp:01/16/2008 5:01.02 PM
Severity Class #0():
Drew a Line from (0,57) To (77.6999969482422,57)
ENTRY #74----------------------------------------
TimeStamp:01/16/2008 5:01.02 PM
Severity Class #0():
Drew a Line from (0,51.2999992370605) To (77.6999969482422,51.2999992370605)
ENTRY #75----------------------------------------
TimeStamp:01/16/2008 5:01.02 PM
Severity Class #0():
Drew a Line from (0,57) To (79.8000030517578,57)
ENTRY #76----------------------------------------
TimeStamp:01/16/2008 5:01.02 PM
Severity Class #0():
Drew a Line from (0,51.2999992370605) To (79.8000030517578,51.2999992370605)
ENTRY #77----------------------------------------
TimeStamp:01/16/2008 5:01.02 PM
Severity Class #0():
Drew a Line from (0,57) To (81.9000015258789,57)
ENTRY #78----------------------------------------
TimeStamp:01/16/2008 5:01.02 PM
Severity Class #0():
Drew a Line from (0,51.2999992370605) To (81.9000015258789,51.2999992370605)
ENTRY #79----------------------------------------
TimeStamp:01/16/2008 5:01.02 PM
Severity Class #0():
Drew a Line from (0,57) To (84,57)
ENTRY #80----------------------------------------
TimeStamp:01/16/2008 5:01.02 PM
Severity Class #0():
Drew a Line from (0,51.2999992370605) To (84,51.2999992370605)
ENTRY #81----------------------------------------
TimeStamp:01/16/2008 5:01.03 PM
Severity Class #0():
Drew a Line from (0,57) To (86.0999984741211,57)
ENTRY #82----------------------------------------
TimeStamp:01/16/2008 5:01.03 PM
Severity Class #0():
Drew a Line from (0,51.2999992370605) To (86.0999984741211,51.2999992370605)
ENTRY #83----------------------------------------
TimeStamp:01/16/2008 5:01.03 PM
Severity Class #0():
Drew a Line from (0,57) To (88.1999969482422,57)
ENTRY #84----------------------------------------
TimeStamp:01/16/2008 5:01.03 PM
Severity Class #0():
Drew a Line from (0,51.2999992370605) To (88.1999969482422,51.2999992370605)
ENTRY #85----------------------------------------
TimeStamp:01/16/2008 5:01.03 PM
Severity Class #0():
Drew a Line from (0,57) To (90.3000030517578,57)
ENTRY #86----------------------------------------
TimeStamp:01/16/2008 5:01.03 PM
Severity Class #0():
Drew a Line from (0,51.2999992370605) To (90.3000030517578,51.2999992370605)
ENTRY #87----------------------------------------
TimeStamp:01/16/2008 5:01.03 PM
Severity Class #0():
Drew a Line from (0,57) To (92.4000015258789,57)
ENTRY #88----------------------------------------
TimeStamp:01/16/2008 5:01.03 PM
Severity Class #0():
Drew a Line from (0,51.2999992370605) To (92.4000015258789,51.2999992370605)
ENTRY #89----------------------------------------
TimeStamp:01/16/2008 5:01.03 PM
Severity Class #0():
Drew a Line from (0,57) To (94.5,57)
ENTRY #90----------------------------------------
TimeStamp:01/16/2008 5:01.03 PM
Severity Class #0():
Drew a Line from (0,51.2999992370605) To (94.5,51.2999992370605)
ENTRY #91----------------------------------------
TimeStamp:01/16/2008 5:01.03 PM
Severity Class #0():
Drew a Line from (0,57) To (96.5999984741211,57)
ENTRY #92----------------------------------------
TimeStamp:01/16/2008 5:01.03 PM
Severity Class #0():
Drew a Line from (0,51.2999992370605) To (96.5999984741211,51.2999992370605)
ENTRY #93----------------------------------------
TimeStamp:01/16/2008 5:01.03 PM
Severity Class #0():
Drew a Line from (0,57) To (98.6999969482422,57)
ENTRY #94----------------------------------------
TimeStamp:01/16/2008 5:01.03 PM
Severity Class #0():
Drew a Line from (0,51.2999992370605) To (98.6999969482422,51.2999992370605)
ENTRY #95----------------------------------------
TimeStamp:01/16/2008 5:01.03 PM
Severity Class #0():
Drew a Line from (0,57) To (100.800003051758,57)
ENTRY #96----------------------------------------
TimeStamp:01/16/2008 5:01.03 PM
Severity Class #0():
Drew a Line from (0,51.2999992370605) To (100.800003051758,51.2999992370605)
ENTRY #97----------------------------------------
TimeStamp:01/16/2008 5:01.03 PM
Severity Class #0():
Drew a Line from (0,57) To (102.900001525879,57)
ENTRY #98----------------------------------------
TimeStamp:01/16/2008 5:01.03 PM
Severity Class #0():
Drew a Line from (0,51.2999992370605) To (102.900001525879,51.2999992370605)
ENTRY #99----------------------------------------
TimeStamp:01/16/2008 5:01.03 PM
Severity Class #0():
Drew a Line from (0,57) To (105,57)
ENTRY #100----------------------------------------
TimeStamp:01/16/2008 5:01.03 PM
Severity Class #0():
Drew a Line from (0,51.2999992370605) To (105,51.2999992370605)
ENTRY #101----------------------------------------
TimeStamp:01/16/2008 5:01.03 PM
Severity Class #0():
Drew a Line from (0,57) To (107.099998474121,57)
ENTRY #102----------------------------------------
TimeStamp:01/16/2008 5:01.03 PM
Severity Class #0():
Drew a Line from (0,51.2999992370605) To (107.099998474121,51.2999992370605)
ENTRY #103----------------------------------------
TimeStamp:01/16/2008 5:01.03 PM
Severity Class #0():
Drew a Line from (0,57) To (109.199996948242,57)
ENTRY #104----------------------------------------
TimeStamp:01/16/2008 5:01.03 PM
Severity Class #0():
Drew a Line from (0,51.2999992370605) To (109.199996948242,51.2999992370605)
ENTRY #105----------------------------------------
TimeStamp:01/16/2008 5:01.03 PM
Severity Class #0():
Drew a Line from (0,57) To (111.300003051758,57)
ENTRY #106----------------------------------------
TimeStamp:01/16/2008 5:01.03 PM
Severity Class #0():
Drew a Line from (0,51.2999992370605) To (111.300003051758,51.2999992370605)
ENTRY #107----------------------------------------
TimeStamp:01/16/2008 5:01.04 PM
Severity Class #0():
Drew a Line from (0,57) To (113.400001525879,57)
ENTRY #108----------------------------------------
TimeStamp:01/16/2008 5:01.04 PM
Severity Class #0():
Drew a Line from (0,51.2999992370605) To (113.400001525879,51.2999992370605)
ENTRY #109----------------------------------------
TimeStamp:01/16/2008 5:01.04 PM
Severity Class #0():
Drew a Line from (0,57) To (115.5,57)
ENTRY #110----------------------------------------
TimeStamp:01/16/2008 5:01.04 PM
Severity Class #0():
Drew a Line from (0,51.2999992370605) To (115.5,51.2999992370605)
ENTRY #111----------------------------------------
TimeStamp:01/16/2008 5:01.04 PM
Severity Class #0():
Drew a Line from (0,57) To (117.599998474121,57)
ENTRY #112----------------------------------------
TimeStamp:01/16/2008 5:01.04 PM
Severity Class #0():
Drew a Line from (0,51.2999992370605) To (117.599998474121,51.2999992370605)
ENTRY #113----------------------------------------
TimeStamp:01/16/2008 5:01.04 PM
Severity Class #0():
Drew a Line from (0,57) To (119.699996948242,57)
ENTRY #114----------------------------------------
TimeStamp:01/16/2008 5:01.04 PM
Severity Class #0():
Drew a Line from (0,51.2999992370605) To (119.699996948242,51.2999992370605)
ENTRY #115----------------------------------------
TimeStamp:01/16/2008 5:01.04 PM
Severity Class #0():
Drew a Line from (0,57) To (121.800003051758,57)
ENTRY #116----------------------------------------
TimeStamp:01/16/2008 5:01.04 PM
Severity Class #0():
Drew a Line from (0,51.2999992370605) To (121.800003051758,51.2999992370605)
ENTRY #117----------------------------------------
TimeStamp:01/16/2008 5:01.04 PM
Severity Class #0():
Drew a Line from (0,57) To (123.900001525879,57)
ENTRY #118----------------------------------------
TimeStamp:01/16/2008 5:01.04 PM
Severity Class #0():
Drew a Line from (0,51.2999992370605) To (123.900001525879,51.2999992370605)
ENTRY #119----------------------------------------
TimeStamp:01/16/2008 5:01.04 PM
Severity Class #0():
Drew a Line from (0,57) To (126,57)
ENTRY #120----------------------------------------
TimeStamp:01/16/2008 5:01.04 PM
Severity Class #0():
Drew a Line from (0,51.2999992370605) To (126,51.2999992370605)
ENTRY #121----------------------------------------
TimeStamp:01/16/2008 5:01.04 PM
Severity Class #0():
Drew a Line from (0,57) To (128.100006103516,57)
ENTRY #122----------------------------------------
TimeStamp:01/16/2008 5:01.04 PM
Severity Class #0():
Drew a Line from (0,51.2999992370605) To (128.100006103516,51.2999992370605)
ENTRY #123----------------------------------------
TimeStamp:01/16/2008 5:01.04 PM
Severity Class #0():
Drew a Line from (0,57) To (130.199996948242,57)
ENTRY #124----------------------------------------
TimeStamp:01/16/2008 5:01.04 PM
Severity Class #0():
Drew a Line from (0,51.2999992370605) To (130.199996948242,51.2999992370605)
ENTRY #125----------------------------------------
TimeStamp:01/16/2008 5:01.04 PM
Severity Class #0():
Drew a Line from (0,57) To (132.300003051758,57)
ENTRY #126----------------------------------------
TimeStamp:01/16/2008 5:01.04 PM
Severity Class #0():
Drew a Line from (0,51.2999992370605) To (132.300003051758,51.2999992370605)
ENTRY #127----------------------------------------
TimeStamp:01/16/2008 5:01.04 PM
Severity Class #0():
Drew a Line from (0,57) To (134.399993896484,57)
ENTRY #128----------------------------------------
TimeStamp:01/16/2008 5:01.04 PM
Severity Class #0():
Drew a Line from (0,51.2999992370605) To (134.399993896484,51.2999992370605)
ENTRY #129----------------------------------------
TimeStamp:01/16/2008 5:01.04 PM
Severity Class #0():
Drew a Line from (0,57) To (136.5,57)
ENTRY #130----------------------------------------
TimeStamp:01/16/2008 5:01.04 PM
Severity Class #0():
Drew a Line from (0,51.2999992370605) To (136.5,51.2999992370605)
ENTRY #131----------------------------------------
TimeStamp:01/16/2008 5:01.04 PM
Severity Class #0():
Drew a Line from (0,57) To (138.600006103516,57)
ENTRY #132----------------------------------------
TimeStamp:01/16/2008 5:01.04 PM
Severity Class #0():
Drew a Line from (0,51.2999992370605) To (138.600006103516,51.2999992370605)
ENTRY #133----------------------------------------
TimeStamp:01/16/2008 5:01.04 PM
Severity Class #0():
Drew a Line from (0,57) To (140.699996948242,57)
ENTRY #134----------------------------------------
TimeStamp:01/16/2008 5:01.04 PM
Severity Class #0():
Drew a Line from (0,51.2999992370605) To (140.699996948242,51.2999992370605)
ENTRY #135----------------------------------------
TimeStamp:01/16/2008 5:01.05 PM
Severity Class #0():
Drew a Line from (0,57) To (142.800003051758,57)
ENTRY #136----------------------------------------
TimeStamp:01/16/2008 5:01.05 PM
Severity Class #0():
Drew a Line from (0,51.2999992370605) To (142.800003051758,51.2999992370605)
ENTRY #137----------------------------------------
TimeStamp:01/16/2008 5:01.05 PM
Severity Class #0():
Drew a Line from (0,57) To (144.899993896484,57)
ENTRY #138----------------------------------------
TimeStamp:01/16/2008 5:01.05 PM
Severity Class #0():
Drew a Line from (0,51.2999992370605) To (144.899993896484,51.2999992370605)
ENTRY #139----------------------------------------
TimeStamp:01/16/2008 5:01.05 PM
Severity Class #0():
Drew a Line from (0,57) To (147,57)
ENTRY #140----------------------------------------
TimeStamp:01/16/2008 5:01.05 PM
Severity Class #0():
Drew a Line from (0,51.2999992370605) To (147,51.2999992370605)
ENTRY #141----------------------------------------
TimeStamp:01/16/2008 5:01.05 PM
Severity Class #0():
Drew a Line from (0,57) To (149.100006103516,57)
ENTRY #142----------------------------------------
TimeStamp:01/16/2008 5:01.05 PM
Severity Class #0():
Drew a Line from (0,51.2999992370605) To (149.100006103516,51.2999992370605)
ENTRY #143----------------------------------------
TimeStamp:01/16/2008 5:01.05 PM
Severity Class #0():
Drew a Line from (0,57) To (151.199996948242,57)
ENTRY #144----------------------------------------
TimeStamp:01/16/2008 5:01.05 PM
Severity Class #0():
Drew a Line from (0,51.2999992370605) To (151.199996948242,51.2999992370605)
ENTRY #145----------------------------------------
TimeStamp:01/16/2008 5:01.05 PM
Severity Class #0():
Drew a Line from (0,57) To (153.300003051758,57)
ENTRY #146----------------------------------------
TimeStamp:01/16/2008 5:01.05 PM
Severity Class #0():
Drew a Line from (0,51.2999992370605) To (153.300003051758,51.2999992370605)
ENTRY #147----------------------------------------
TimeStamp:01/16/2008 5:01.05 PM
Severity Class #0():
Drew a Line from (0,57) To (155.399993896484,57)
ENTRY #148----------------------------------------
TimeStamp:01/16/2008 5:01.05 PM
Severity Class #0():
Drew a Line from (0,51.2999992370605) To (155.399993896484,51.2999992370605)
ENTRY #149----------------------------------------
TimeStamp:01/16/2008 5:01.05 PM
Severity Class #0():
Drew a Line from (0,57) To (157.5,57)
ENTRY #150----------------------------------------
TimeStamp:01/16/2008 5:01.05 PM
Severity Class #0():
Drew a Line from (0,51.2999992370605) To (157.5,51.2999992370605)
ENTRY #151----------------------------------------
TimeStamp:01/16/2008 5:01.05 PM
Severity Class #0():
Drew a Line from (0,57) To (159.600006103516,57)
ENTRY #152----------------------------------------
TimeStamp:01/16/2008 5:01.05 PM
Severity Class #0():
Drew a Line from (0,51.2999992370605) To (159.600006103516,51.2999992370605)
ENTRY #153----------------------------------------
TimeStamp:01/16/2008 5:01.05 PM
Severity Class #0():
Drew a Line from (0,57) To (161.699996948242,57)
ENTRY #154----------------------------------------
TimeStamp:01/16/2008 5:01.05 PM
Severity Class #0():
Drew a Line from (0,51.2999992370605) To (161.699996948242,51.2999992370605)
ENTRY #155----------------------------------------
TimeStamp:01/16/2008 5:01.05 PM
Severity Class #0():
Drew a Line from (0,57) To (163.800003051758,57)
ENTRY #156----------------------------------------
TimeStamp:01/16/2008 5:01.05 PM
Severity Class #0():
Drew a Line from (0,51.2999992370605) To (163.800003051758,51.2999992370605)
ENTRY #157----------------------------------------
TimeStamp:01/16/2008 5:01.05 PM
Severity Class #0():
Drew a Line from (0,57) To (165.899993896484,57)
ENTRY #158----------------------------------------
TimeStamp:01/16/2008 5:01.05 PM
Severity Class #0():
Drew a Line from (0,51.2999992370605) To (165.899993896484,51.2999992370605)
ENTRY #159----------------------------------------
TimeStamp:01/16/2008 5:01.05 PM
Severity Class #0():
Drew a Line from (0,57) To (168,57)
ENTRY #160----------------------------------------
TimeStamp:01/16/2008 5:01.05 PM
Severity Class #0():
Drew a Line from (0,51.2999992370605) To (168,51.2999992370605)
ENTRY #161----------------------------------------
TimeStamp:01/16/2008 5:01.06 PM
Severity Class #0():
Drew a Line from (0,57) To (2.09999990463257,57)
ENTRY #162----------------------------------------
TimeStamp:01/16/2008 5:01.06 PM
Severity Class #0():
Drew a Line from (0,51.2999992370605) To (2.09999990463257,51.2999992370605)
ENTRY #163----------------------------------------
TimeStamp:01/16/2008 5:01.07 PM
Severity Class #0():
Drew a Line from (0,57) To (4.19999980926514,57)
ENTRY #164----------------------------------------
TimeStamp:01/16/2008 5:01.07 PM
Severity Class #0():
Drew a Line from (0,51.2999992370605) To (4.19999980926514,51.2999992370605)
ENTRY #165----------------------------------------
TimeStamp:01/16/2008 5:01.07 PM
Severity Class #0():
Drew a Line from (0,57) To (6.30000019073486,57)
ENTRY #166----------------------------------------
TimeStamp:01/16/2008 5:01.07 PM
Severity Class #0():
Drew a Line from (0,51.2999992370605) To (6.30000019073486,51.2999992370605)
ENTRY #167----------------------------------------
TimeStamp:01/16/2008 5:01.07 PM
Severity Class #0():
Drew a Line from (0,57) To (8.39999961853027,57)
ENTRY #168----------------------------------------
TimeStamp:01/16/2008 5:01.07 PM
Severity Class #0():
Drew a Line from (0,51.2999992370605) To (8.39999961853027,51.2999992370605)
ENTRY #169----------------------------------------
TimeStamp:01/16/2008 5:01.07 PM
Severity Class #0():
Drew a Line from (0,57) To (10.5,57)
ENTRY #170----------------------------------------
TimeStamp:01/16/2008 5:01.07 PM
Severity Class #0():
Drew a Line from (0,51.2999992370605) To (10.5,51.2999992370605)
ENTRY #171----------------------------------------
TimeStamp:01/16/2008 5:01.07 PM
Severity Class #0():
Drew a Line from (0,57) To (12.6000003814697,57)
ENTRY #172----------------------------------------
TimeStamp:01/16/2008 5:01.07 PM
Severity Class #0():
Drew a Line from (0,51.2999992370605) To (12.6000003814697,51.2999992370605)
ENTRY #173----------------------------------------
TimeStamp:01/16/2008 5:01.07 PM
Severity Class #0():
Drew a Line from (0,57) To (14.6999998092651,57)
ENTRY #174----------------------------------------
TimeStamp:01/16/2008 5:01.07 PM
Severity Class #0():
Drew a Line from (0,51.2999992370605) To (14.6999998092651,51.2999992370605)
ENTRY #175----------------------------------------
TimeStamp:01/16/2008 5:01.07 PM
Severity Class #0():
Drew a Line from (0,57) To (16.7999992370605,57)
ENTRY #176----------------------------------------
TimeStamp:01/16/2008 5:01.07 PM
Severity Class #0():
Drew a Line from (0,51.2999992370605) To (16.7999992370605,51.2999992370605)
ENTRY #177----------------------------------------
TimeStamp:01/16/2008 5:01.07 PM
Severity Class #0():
Drew a Line from (0,57) To (18.8999996185303,57)
ENTRY #178----------------------------------------
TimeStamp:01/16/2008 5:01.07 PM
Severity Class #0():
Drew a Line from (0,51.2999992370605) To (18.8999996185303,51.2999992370605)
ENTRY #179----------------------------------------
TimeStamp:01/16/2008 5:01.07 PM
Severity Class #0():
Drew a Line from (0,57) To (21,57)
ENTRY #180----------------------------------------
TimeStamp:01/16/2008 5:01.07 PM
Severity Class #0():
Drew a Line from (0,51.2999992370605) To (21,51.2999992370605)
ENTRY #181----------------------------------------
TimeStamp:01/16/2008 5:01.07 PM
Severity Class #0():
Drew a Line from (0,57) To (23.1000003814697,57)
ENTRY #182----------------------------------------
TimeStamp:01/16/2008 5:01.07 PM
Severity Class #0():
Drew a Line from (0,51.2999992370605) To (23.1000003814697,51.2999992370605)
ENTRY #183----------------------------------------
TimeStamp:01/16/2008 5:01.07 PM
Severity Class #0():
Drew a Line from (0,57) To (25.2000007629395,57)
ENTRY #184----------------------------------------
TimeStamp:01/16/2008 5:01.07 PM
Severity Class #0():
Drew a Line from (0,51.2999992370605) To (25.2000007629395,51.2999992370605)
ENTRY #185----------------------------------------
TimeStamp:01/16/2008 5:01.07 PM
Severity Class #0():
Drew a Line from (0,57) To (27.2999992370605,57)
ENTRY #186----------------------------------------
TimeStamp:01/16/2008 5:01.07 PM
Severity Class #0():
Drew a Line from (0,51.2999992370605) To (27.2999992370605,51.2999992370605)
ENTRY #187----------------------------------------
TimeStamp:01/16/2008 5:01.07 PM
Severity Class #0():
Drew a Line from (0,57) To (29.3999996185303,57)
ENTRY #188----------------------------------------
TimeStamp:01/16/2008 5:01.07 PM
Severity Class #0():
Drew a Line from (0,51.2999992370605) To (29.3999996185303,51.2999992370605)
ENTRY #189----------------------------------------
TimeStamp:01/16/2008 5:01.08 PM
Severity Class #0():
Drew a Line from (0,57) To (31.5,57)
ENTRY #190----------------------------------------
TimeStamp:01/16/2008 5:01.08 PM
Severity Class #0():
Drew a Line from (0,51.2999992370605) To (31.5,51.2999992370605)
ENTRY #191----------------------------------------
TimeStamp:01/16/2008 5:01.08 PM
Severity Class #0():
Drew a Line from (0,57) To (33.5999984741211,57)
ENTRY #192----------------------------------------
TimeStamp:01/16/2008 5:01.08 PM
Severity Class #0():
Drew a Line from (0,51.2999992370605) To (33.5999984741211,51.2999992370605)
ENTRY #193----------------------------------------
TimeStamp:01/16/2008 5:01.08 PM
Severity Class #0():
Drew a Line from (0,57) To (35.7000007629395,57)
ENTRY #194----------------------------------------
TimeStamp:01/16/2008 5:01.08 PM
Severity Class #0():
Drew a Line from (0,51.2999992370605) To (35.7000007629395,51.2999992370605)
ENTRY #195----------------------------------------
TimeStamp:01/16/2008 5:01.08 PM
Severity Class #0():
Drew a Line from (0,57) To (37.7999992370605,57)
ENTRY #196----------------------------------------
TimeStamp:01/16/2008 5:01.08 PM
Severity Class #0():
Drew a Line from (0,51.2999992370605) To (37.7999992370605,51.2999992370605)
ENTRY #197----------------------------------------
TimeStamp:01/16/2008 5:01.08 PM
Severity Class #0():
Drew a Line from (0,57) To (39.9000015258789,57)
ENTRY #198----------------------------------------
TimeStamp:01/16/2008 5:01.08 PM
Severity Class #0():
Drew a Line from (0,51.2999992370605) To (39.9000015258789,51.2999992370605)
ENTRY #199----------------------------------------
TimeStamp:01/16/2008 5:01.08 PM
Severity Class #0():
Drew a Line from (0,57) To (42,57)
ENTRY #200----------------------------------------
TimeStamp:01/16/2008 5:01.08 PM
Severity Class #0():
Drew a Line from (0,51.2999992370605) To (42,51.2999992370605)
ENTRY #201----------------------------------------
TimeStamp:01/16/2008 5:01.08 PM
Severity Class #0():
Drew a Line from (0,57) To (44.0999984741211,57)
ENTRY #202----------------------------------------
TimeStamp:01/16/2008 5:01.08 PM
Severity Class #0():
Drew a Line from (0,51.2999992370605) To (44.0999984741211,51.2999992370605)
ENTRY #203----------------------------------------
TimeStamp:01/16/2008 5:01.08 PM
Severity Class #0():
Drew a Line from (0,57) To (46.2000007629395,57)
ENTRY #204----------------------------------------
TimeStamp:01/16/2008 5:01.08 PM
Severity Class #0():
Drew a Line from (0,51.2999992370605) To (46.2000007629395,51.2999992370605)
ENTRY #205----------------------------------------
TimeStamp:01/16/2008 5:01.08 PM
Severity Class #0():
Drew a Line from (0,57) To (48.2999992370605,57)
ENTRY #206----------------------------------------
TimeStamp:01/16/2008 5:01.08 PM
Severity Class #0():
Drew a Line from (0,51.2999992370605) To (48.2999992370605,51.2999992370605)
ENTRY #207----------------------------------------
TimeStamp:01/16/2008 5:01.08 PM
Severity Class #0():
Drew a Line from (0,57) To (50.4000015258789,57)
ENTRY #208----------------------------------------
TimeStamp:01/16/2008 5:01.08 PM
Severity Class #0():
Drew a Line from (0,51.2999992370605) To (50.4000015258789,51.2999992370605)
ENTRY #209----------------------------------------
TimeStamp:01/16/2008 5:01.08 PM
Severity Class #0():
Drew a Line from (0,57) To (52.5,57)
ENTRY #210----------------------------------------
TimeStamp:01/16/2008 5:01.08 PM
Severity Class #0():
Drew a Line from (0,51.2999992370605) To (52.5,51.2999992370605)
ENTRY #211----------------------------------------
TimeStamp:01/16/2008 5:01.08 PM
Severity Class #0():
Drew a Line from (0,57) To (54.5999984741211,57)
ENTRY #212----------------------------------------
TimeStamp:01/16/2008 5:01.08 PM
Severity Class #0():
Drew a Line from (0,51.2999992370605) To (54.5999984741211,51.2999992370605)
ENTRY #213----------------------------------------
TimeStamp:01/16/2008 5:01.08 PM
Severity Class #0():
Drew a Line from (0,57) To (56.7000007629395,57)
ENTRY #214----------------------------------------
TimeStamp:01/16/2008 5:01.08 PM
Severity Class #0():
Drew a Line from (0,51.2999992370605) To (56.7000007629395,51.2999992370605)
ENTRY #215----------------------------------------
TimeStamp:01/16/2008 5:01.09 PM
Severity Class #0():
Drew a Line from (0,57) To (58.7999992370605,57)
ENTRY #216----------------------------------------
TimeStamp:01/16/2008 5:01.09 PM
Severity Class #0():
Drew a Line from (0,51.2999992370605) To (58.7999992370605,51.2999992370605)
ENTRY #217----------------------------------------
TimeStamp:01/16/2008 5:01.09 PM
Severity Class #0():
Drew a Line from (0,57) To (60.9000015258789,57)
ENTRY #218----------------------------------------
TimeStamp:01/16/2008 5:01.09 PM
Severity Class #0():
Drew a Line from (0,51.2999992370605) To (60.9000015258789,51.2999992370605)
ENTRY #219----------------------------------------
TimeStamp:01/16/2008 5:01.09 PM
Severity Class #0():
Drew a Line from (0,57) To (63,57)
ENTRY #220----------------------------------------
TimeStamp:01/16/2008 5:01.09 PM
Severity Class #0():
Drew a Line from (0,51.2999992370605) To (63,51.2999992370605)
ENTRY #221----------------------------------------
TimeStamp:01/16/2008 5:01.09 PM
Severity Class #0():
Drew a Line from (0,57) To (65.0999984741211,57)
ENTRY #222----------------------------------------
TimeStamp:01/16/2008 5:01.09 PM
Severity Class #0():
Drew a Line from (0,51.2999992370605) To (65.0999984741211,51.2999992370605)
ENTRY #223----------------------------------------
TimeStamp:01/16/2008 5:01.09 PM
Severity Class #0():
Drew a Line from (0,57) To (67.1999969482422,57)
ENTRY #224----------------------------------------
TimeStamp:01/16/2008 5:01.09 PM
Severity Class #0():
Drew a Line from (0,51.2999992370605) To (67.1999969482422,51.2999992370605)
ENTRY #225----------------------------------------
TimeStamp:01/16/2008 5:01.09 PM
Severity Class #0():
Drew a Line from (0,57) To (69.3000030517578,57)
ENTRY #226----------------------------------------
TimeStamp:01/16/2008 5:01.09 PM
Severity Class #0():
Drew a Line from (0,51.2999992370605) To (69.3000030517578,51.2999992370605)
ENTRY #227----------------------------------------
TimeStamp:01/16/2008 5:01.09 PM
Severity Class #0():
Drew a Line from (0,57) To (71.4000015258789,57)
ENTRY #228----------------------------------------
TimeStamp:01/16/2008 5:01.09 PM
Severity Class #0():
Drew a Line from (0,51.2999992370605) To (71.4000015258789,51.2999992370605)
ENTRY #229----------------------------------------
TimeStamp:01/16/2008 5:01.09 PM
Severity Class #0():
Drew a Line from (0,57) To (73.5,57)
ENTRY #230----------------------------------------
TimeStamp:01/16/2008 5:01.09 PM
Severity Class #0():
Drew a Line from (0,51.2999992370605) To (73.5,51.2999992370605)
ENTRY #231----------------------------------------
TimeStamp:01/16/2008 5:01.09 PM
Severity Class #0():
Drew a Line from (0,57) To (75.5999984741211,57)
ENTRY #232----------------------------------------
TimeStamp:01/16/2008 5:01.09 PM
Severity Class #0():
Drew a Line from (0,51.2999992370605) To (75.5999984741211,51.2999992370605)
ENTRY #233----------------------------------------
TimeStamp:01/16/2008 5:01.09 PM
Severity Class #0():
Drew a Line from (0,57) To (77.6999969482422,57)
ENTRY #234----------------------------------------
TimeStamp:01/16/2008 5:01.09 PM
Severity Class #0():
Drew a Line from (0,51.2999992370605) To (77.6999969482422,51.2999992370605)
ENTRY #235----------------------------------------
TimeStamp:01/16/2008 5:01.09 PM
Severity Class #0():
Drew a Line from (0,57) To (79.8000030517578,57)
ENTRY #236----------------------------------------
TimeStamp:01/16/2008 5:01.09 PM
Severity Class #0():
Drew a Line from (0,51.2999992370605) To (79.8000030517578,51.2999992370605)
ENTRY #237----------------------------------------
TimeStamp:01/16/2008 5:01.09 PM
Severity Class #0():
Drew a Line from (0,57) To (81.9000015258789,57)
ENTRY #238----------------------------------------
TimeStamp:01/16/2008 5:01.09 PM
Severity Class #0():
Drew a Line from (0,51.2999992370605) To (81.9000015258789,51.2999992370605)
ENTRY #239----------------------------------------
TimeStamp:01/16/2008 5:01.09 PM
Severity Class #0():
Drew a Line from (0,57) To (84,57)
ENTRY #240----------------------------------------
TimeStamp:01/16/2008 5:01.09 PM
Severity Class #0():
Drew a Line from (0,51.2999992370605) To (84,51.2999992370605)
ENTRY #241----------------------------------------
TimeStamp:01/16/2008 5:01.10 PM
Severity Class #0():
Drew a Line from (0,57) To (86.0999984741211,57)
ENTRY #242----------------------------------------
TimeStamp:01/16/2008 5:01.10 PM
Severity Class #0():
Drew a Line from (0,51.2999992370605) To (86.0999984741211,51.2999992370605)
ENTRY #243----------------------------------------
TimeStamp:01/16/2008 5:01.10 PM
Severity Class #0():
Drew a Line from (0,57) To (88.1999969482422,57)
ENTRY #244----------------------------------------
TimeStamp:01/16/2008 5:01.10 PM
Severity Class #0():
Drew a Line from (0,51.2999992370605) To (88.1999969482422,51.2999992370605)
ENTRY #245----------------------------------------
TimeStamp:01/16/2008 5:01.10 PM
Severity Class #0():
Drew a Line from (0,57) To (90.3000030517578,57)
ENTRY #246----------------------------------------
TimeStamp:01/16/2008 5:01.10 PM
Severity Class #0():
Drew a Line from (0,51.2999992370605) To (90.3000030517578,51.2999992370605)
ENTRY #247----------------------------------------
TimeStamp:01/16/2008 5:01.10 PM
Severity Class #0():
Drew a Line from (0,57) To (92.4000015258789,57)
ENTRY #248----------------------------------------
TimeStamp:01/16/2008 5:01.10 PM
Severity Class #0():
Drew a Line from (0,51.2999992370605) To (92.4000015258789,51.2999992370605)
ENTRY #249----------------------------------------
TimeStamp:01/16/2008 5:01.10 PM
Severity Class #0():
Drew a Line from (0,57) To (94.5,57)
ENTRY #250----------------------------------------
TimeStamp:01/16/2008 5:01.10 PM
Severity Class #0():
Drew a Line from (0,51.2999992370605) To (94.5,51.2999992370605)
ENTRY #251----------------------------------------
TimeStamp:01/16/2008 5:01.10 PM
Severity Class #0():
Drew a Line from (0,57) To (96.5999984741211,57)
ENTRY #252----------------------------------------
TimeStamp:01/16/2008 5:01.10 PM
Severity Class #0():
Drew a Line from (0,51.2999992370605) To (96.5999984741211,51.2999992370605)
ENTRY #253----------------------------------------
TimeStamp:01/16/2008 5:01.10 PM
Severity Class #0():
Drew a Line from (0,57) To (98.6999969482422,57)
ENTRY #254----------------------------------------
TimeStamp:01/16/2008 5:01.10 PM
Severity Class #0():
Drew a Line from (0,51.2999992370605) To (98.6999969482422,51.2999992370605)
ENTRY #255----------------------------------------
TimeStamp:01/16/2008 5:01.10 PM
Severity Class #0():
Drew a Line from (0,57) To (100.800003051758,57)
ENTRY #256----------------------------------------
TimeStamp:01/16/2008 5:01.10 PM
Severity Class #0():
Drew a Line from (0,51.2999992370605) To (100.800003051758,51.2999992370605)
ENTRY #257----------------------------------------
TimeStamp:01/16/2008 5:01.10 PM
Severity Class #0():
Drew a Line from (0,57) To (102.900001525879,57)
ENTRY #258----------------------------------------
TimeStamp:01/16/2008 5:01.10 PM
Severity Class #0():
Drew a Line from (0,51.2999992370605) To (102.900001525879,51.2999992370605)
ENTRY #259----------------------------------------
TimeStamp:01/16/2008 5:01.10 PM
Severity Class #0():
Drew a Line from (0,57) To (105,57)
ENTRY #260----------------------------------------
TimeStamp:01/16/2008 5:01.10 PM
Severity Class #0():
Drew a Line from (0,51.2999992370605) To (105,51.2999992370605)
ENTRY #261----------------------------------------
TimeStamp:01/16/2008 5:01.10 PM
Severity Class #0():
Drew a Line from (0,57) To (107.099998474121,57)
ENTRY #262----------------------------------------
TimeStamp:01/16/2008 5:01.10 PM
Severity Class #0():
Drew a Line from (0,51.2999992370605) To (107.099998474121,51.2999992370605)
ENTRY #263----------------------------------------
TimeStamp:01/16/2008 5:01.10 PM
Severity Class #0():
Drew a Line from (0,57) To (109.199996948242,57)
ENTRY #264----------------------------------------
TimeStamp:01/16/2008 5:01.10 PM
Severity Class #0():
Drew a Line from (0,51.2999992370605) To (109.199996948242,51.2999992370605)
ENTRY #265----------------------------------------
TimeStamp:01/16/2008 5:01.10 PM
Severity Class #0():
Drew a Line from (0,57) To (111.300003051758,57)
ENTRY #266----------------------------------------
TimeStamp:01/16/2008 5:01.10 PM
Severity Class #0():
Drew a Line from (0,51.2999992370605) To (111.300003051758,51.2999992370605)
ENTRY #267----------------------------------------
TimeStamp:01/16/2008 5:01.11 PM
Severity Class #0():
Drew a Line from (0,57) To (113.400001525879,57)
ENTRY #268----------------------------------------
TimeStamp:01/16/2008 5:01.11 PM
Severity Class #0():
Drew a Line from (0,51.2999992370605) To (113.400001525879,51.2999992370605)
ENTRY #269----------------------------------------
TimeStamp:01/16/2008 5:01.11 PM
Severity Class #0():
Drew a Line from (0,57) To (115.5,57)
ENTRY #270----------------------------------------
TimeStamp:01/16/2008 5:01.11 PM
Severity Class #0():
Drew a Line from (0,51.2999992370605) To (115.5,51.2999992370605)
ENTRY #271----------------------------------------
TimeStamp:01/16/2008 5:01.11 PM
Severity Class #0():
Drew a Line from (0,57) To (117.599998474121,57)
ENTRY #272----------------------------------------
TimeStamp:01/16/2008 5:01.11 PM
Severity Class #0():
Drew a Line from (0,51.2999992370605) To (117.599998474121,51.2999992370605)
ENTRY #273----------------------------------------
TimeStamp:01/16/2008 5:01.11 PM
Severity Class #0():
Drew a Line from (0,57) To (119.699996948242,57)
ENTRY #274----------------------------------------
TimeStamp:01/16/2008 5:01.11 PM
Severity Class #0():
Drew a Line from (0,51.2999992370605) To (119.699996948242,51.2999992370605)
ENTRY #275----------------------------------------
TimeStamp:01/16/2008 5:01.11 PM
Severity Class #0():
Drew a Line from (0,57) To (121.800003051758,57)
ENTRY #276----------------------------------------
TimeStamp:01/16/2008 5:01.11 PM
Severity Class #0():
Drew a Line from (0,51.2999992370605) To (121.800003051758,51.2999992370605)
ENTRY #277----------------------------------------
TimeStamp:01/16/2008 5:01.11 PM
Severity Class #0():
Drew a Line from (0,57) To (123.900001525879,57)
ENTRY #278----------------------------------------
TimeStamp:01/16/2008 5:01.11 PM
Severity Class #0():
Drew a Line from (0,51.2999992370605) To (123.900001525879,51.2999992370605)
ENTRY #279----------------------------------------
TimeStamp:01/16/2008 5:01.11 PM
Severity Class #0():
Drew a Line from (0,57) To (126,57)
ENTRY #280----------------------------------------
TimeStamp:01/16/2008 5:01.11 PM
Severity Class #0():
Drew a Line from (0,51.2999992370605) To (126,51.2999992370605)
ENTRY #281----------------------------------------
TimeStamp:01/16/2008 5:01.11 PM
Severity Class #0():
Drew a Line from (0,57) To (128.100006103516,57)
ENTRY #282----------------------------------------
TimeStamp:01/16/2008 5:01.11 PM
Severity Class #0():
Drew a Line from (0,51.2999992370605) To (128.100006103516,51.2999992370605)
ENTRY #283----------------------------------------
TimeStamp:01/16/2008 5:01.11 PM
Severity Class #0():
Drew a Line from (0,57) To (130.199996948242,57)
ENTRY #284----------------------------------------
TimeStamp:01/16/2008 5:01.11 PM
Severity Class #0():
Drew a Line from (0,51.2999992370605) To (130.199996948242,51.2999992370605)
ENTRY #285----------------------------------------
TimeStamp:01/16/2008 5:01.11 PM
Severity Class #0():
Drew a Line from (0,57) To (132.300003051758,57)
ENTRY #286----------------------------------------
TimeStamp:01/16/2008 5:01.11 PM
Severity Class #0():
Drew a Line from (0,51.2999992370605) To (132.300003051758,51.2999992370605)
ENTRY #287----------------------------------------
TimeStamp:01/16/2008 5:01.11 PM
Severity Class #0():
Drew a Line from (0,57) To (134.399993896484,57)
ENTRY #288----------------------------------------
TimeStamp:01/16/2008 5:01.11 PM
Severity Class #0():
Drew a Line from (0,51.2999992370605) To (134.399993896484,51.2999992370605)
ENTRY #289----------------------------------------
TimeStamp:01/16/2008 5:01.11 PM
Severity Class #0():
Drew a Line from (0,57) To (136.5,57)
ENTRY #290----------------------------------------
TimeStamp:01/16/2008 5:01.11 PM
Severity Class #0():
Drew a Line from (0,51.2999992370605) To (136.5,51.2999992370605)
ENTRY #291----------------------------------------
TimeStamp:01/16/2008 5:01.11 PM
Severity Class #0():
Drew a Line from (0,57) To (138.600006103516,57)
ENTRY #292----------------------------------------
TimeStamp:01/16/2008 5:01.11 PM
Severity Class #0():
Drew a Line from (0,51.2999992370605) To (138.600006103516,51.2999992370605)
ENTRY #293----------------------------------------
TimeStamp:01/16/2008 5:01.12 PM
Severity Class #0():
Drew a Line from (0,57) To (140.699996948242,57)
ENTRY #294----------------------------------------
TimeStamp:01/16/2008 5:01.12 PM
Severity Class #0():
Drew a Line from (0,51.2999992370605) To (140.699996948242,51.2999992370605)
ENTRY #295----------------------------------------
TimeStamp:01/16/2008 5:01.12 PM
Severity Class #0():
Drew a Line from (0,57) To (142.800003051758,57)
ENTRY #296----------------------------------------
TimeStamp:01/16/2008 5:01.12 PM
Severity Class #0():
Drew a Line from (0,51.2999992370605) To (142.800003051758,51.2999992370605)
ENTRY #297----------------------------------------
TimeStamp:01/16/2008 5:01.12 PM
Severity Class #0():
Drew a Line from (0,57) To (144.899993896484,57)
ENTRY #298----------------------------------------
TimeStamp:01/16/2008 5:01.12 PM
Severity Class #0():
Drew a Line from (0,51.2999992370605) To (144.899993896484,51.2999992370605)
ENTRY #299----------------------------------------
TimeStamp:01/16/2008 5:01.12 PM
Severity Class #0():
Drew a Line from (0,57) To (147,57)
ENTRY #300----------------------------------------
TimeStamp:01/16/2008 5:01.12 PM
Severity Class #0():
Drew a Line from (0,51.2999992370605) To (147,51.2999992370605)
ENTRY #301----------------------------------------
TimeStamp:01/16/2008 5:01.12 PM
Severity Class #0():
Drew a Line from (0,57) To (149.100006103516,57)
ENTRY #302----------------------------------------
TimeStamp:01/16/2008 5:01.12 PM
Severity Class #0():
Drew a Line from (0,51.2999992370605) To (149.100006103516,51.2999992370605)
ENTRY #303----------------------------------------
TimeStamp:01/16/2008 5:01.12 PM
Severity Class #0():
Drew a Line from (0,57) To (151.199996948242,57)
ENTRY #304----------------------------------------
TimeStamp:01/16/2008 5:01.12 PM
Severity Class #0():
Drew a Line from (0,51.2999992370605) To (151.199996948242,51.2999992370605)
ENTRY #305----------------------------------------
TimeStamp:01/16/2008 5:01.12 PM
Severity Class #0():
Drew a Line from (0,57) To (153.300003051758,57)
ENTRY #306----------------------------------------
TimeStamp:01/16/2008 5:01.12 PM
Severity Class #0():
Drew a Line from (0,51.2999992370605) To (153.300003051758,51.2999992370605)
ENTRY #307----------------------------------------
TimeStamp:01/16/2008 5:01.12 PM
Severity Class #0():
Drew a Line from (0,57) To (155.399993896484,57)
ENTRY #308----------------------------------------
TimeStamp:01/16/2008 5:01.12 PM
Severity Class #0():
Drew a Line from (0,51.2999992370605) To (155.399993896484,51.2999992370605)
ENTRY #309----------------------------------------
TimeStamp:01/16/2008 5:01.12 PM
Severity Class #0():
Drew a Line from (0,57) To (157.5,57)
ENTRY #310----------------------------------------
TimeStamp:01/16/2008 5:01.12 PM
Severity Class #0():
Drew a Line from (0,51.2999992370605) To (157.5,51.2999992370605)
ENTRY #311----------------------------------------
TimeStamp:01/16/2008 5:01.12 PM
Severity Class #0():
Drew a Line from (0,57) To (159.600006103516,57)
ENTRY #312----------------------------------------
TimeStamp:01/16/2008 5:01.12 PM
Severity Class #0():
Drew a Line from (0,51.2999992370605) To (159.600006103516,51.2999992370605)
ENTRY #313----------------------------------------
TimeStamp:01/16/2008 5:01.12 PM
Severity Class #0():
Drew a Line from (0,57) To (161.699996948242,57)
ENTRY #314----------------------------------------
TimeStamp:01/16/2008 5:01.12 PM
Severity Class #0():
Drew a Line from (0,51.2999992370605) To (161.699996948242,51.2999992370605)
ENTRY #315----------------------------------------
TimeStamp:01/16/2008 5:01.12 PM
Severity Class #0():
Drew a Line from (0,57) To (163.800003051758,57)
ENTRY #316----------------------------------------
TimeStamp:01/16/2008 5:01.12 PM
Severity Class #0():
Drew a Line from (0,51.2999992370605) To (163.800003051758,51.2999992370605)
ENTRY #317----------------------------------------
TimeStamp:01/16/2008 5:01.12 PM
Severity Class #0():
Drew a Line from (0,57) To (165.899993896484,57)
ENTRY #318----------------------------------------
TimeStamp:01/16/2008 5:01.12 PM
Severity Class #0():
Drew a Line from (0,51.2999992370605) To (165.899993896484,51.2999992370605)
ENTRY #319----------------------------------------
TimeStamp:01/16/2008 5:01.13 PM
Severity Class #0():
Drew a Line from (0,57) To (168,57)
ENTRY #320----------------------------------------
TimeStamp:01/16/2008 5:01.13 PM
Severity Class #0():
Drew a Line from (0,51.2999992370605) To (168,51.2999992370605)
ENTRY #321----------------------------------------
TimeStamp:01/16/2008 5:01.24 PM
Severity Class #0():
Drew a Line from (0,66) To (2.25,66)
ENTRY #322----------------------------------------
TimeStamp:01/16/2008 5:01.24 PM
Severity Class #0():
Drew a Line from (0,59.4000015258789) To (2.25,59.4000015258789)
ENTRY #323----------------------------------------
TimeStamp:01/16/2008 5:01.24 PM
Severity Class #0():
Drew a Line from (0,66) To (4.5,66)
ENTRY #324----------------------------------------
TimeStamp:01/16/2008 5:01.24 PM
Severity Class #0():
Drew a Line from (0,59.4000015258789) To (4.5,59.4000015258789)
ENTRY #325----------------------------------------
TimeStamp:01/16/2008 5:01.25 PM
Severity Class #0():
Drew a Line from (0,66) To (6.75,66)
ENTRY #326----------------------------------------
TimeStamp:01/16/2008 5:01.25 PM
Severity Class #0():
Drew a Line from (0,59.4000015258789) To (6.75,59.4000015258789)
ENTRY #327----------------------------------------
TimeStamp:01/16/2008 5:01.25 PM
Severity Class #0():
Drew a Line from (0,66) To (9,66)
ENTRY #328----------------------------------------
TimeStamp:01/16/2008 5:01.25 PM
Severity Class #0():
Drew a Line from (0,59.4000015258789) To (9,59.4000015258789)
ENTRY #329----------------------------------------
TimeStamp:01/16/2008 5:01.25 PM
Severity Class #0():
Drew a Line from (0,66) To (11.25,66)
ENTRY #330----------------------------------------
TimeStamp:01/16/2008 5:01.25 PM
Severity Class #0():
Drew a Line from (0,59.4000015258789) To (11.25,59.4000015258789)
ENTRY #331----------------------------------------
TimeStamp:01/16/2008 5:01.25 PM
Severity Class #0():
Drew a Line from (0,66) To (13.5,66)
ENTRY #332----------------------------------------
TimeStamp:01/16/2008 5:01.25 PM
Severity Class #0():
Drew a Line from (0,59.4000015258789) To (13.5,59.4000015258789)
ENTRY #333----------------------------------------
TimeStamp:01/16/2008 5:01.25 PM
Severity Class #0():
Drew a Line from (0,66) To (15.75,66)
ENTRY #334----------------------------------------
TimeStamp:01/16/2008 5:01.25 PM
Severity Class #0():
Drew a Line from (0,59.4000015258789) To (15.75,59.4000015258789)
ENTRY #335----------------------------------------
TimeStamp:01/16/2008 5:01.25 PM
Severity Class #0():
Drew a Line from (0,66) To (18,66)
ENTRY #336----------------------------------------
TimeStamp:01/16/2008 5:01.25 PM
Severity Class #0():
Drew a Line from (0,59.4000015258789) To (18,59.4000015258789)
ENTRY #337----------------------------------------
TimeStamp:01/16/2008 5:01.25 PM
Severity Class #0():
Drew a Line from (0,66) To (20.25,66)
ENTRY #338----------------------------------------
TimeStamp:01/16/2008 5:01.25 PM
Severity Class #0():
Drew a Line from (0,59.4000015258789) To (20.25,59.4000015258789)
ENTRY #339----------------------------------------
TimeStamp:01/16/2008 5:01.25 PM
Severity Class #0():
Drew a Line from (0,66) To (22.5,66)
ENTRY #340----------------------------------------
TimeStamp:01/16/2008 5:01.25 PM
Severity Class #0():
Drew a Line from (0,59.4000015258789) To (22.5,59.4000015258789)
ENTRY #341----------------------------------------
TimeStamp:01/16/2008 5:01.25 PM
Severity Class #0():
Drew a Line from (0,66) To (24.75,66)
ENTRY #342----------------------------------------
TimeStamp:01/16/2008 5:01.25 PM
Severity Class #0():
Drew a Line from (0,59.4000015258789) To (24.75,59.4000015258789)
ENTRY #343----------------------------------------
TimeStamp:01/16/2008 5:01.25 PM
Severity Class #0():
Drew a Line from (0,66) To (27,66)
ENTRY #344----------------------------------------
TimeStamp:01/16/2008 5:01.25 PM
Severity Class #0():
Drew a Line from (0,59.4000015258789) To (27,59.4000015258789)
ENTRY #345----------------------------------------
TimeStamp:01/16/2008 5:01.25 PM
Severity Class #0():
Drew a Line from (0,66) To (29.25,66)
ENTRY #346----------------------------------------
TimeStamp:01/16/2008 5:01.25 PM
Severity Class #0():
Drew a Line from (0,59.4000015258789) To (29.25,59.4000015258789)
ENTRY #347----------------------------------------
TimeStamp:01/16/2008 5:01.25 PM
Severity Class #0():
Drew a Line from (0,66) To (31.5,66)
ENTRY #348----------------------------------------
TimeStamp:01/16/2008 5:01.25 PM
Severity Class #0():
Drew a Line from (0,59.4000015258789) To (31.5,59.4000015258789)
ENTRY #349----------------------------------------
TimeStamp:01/16/2008 5:01.25 PM
Severity Class #0():
Drew a Line from (0,66) To (33.75,66)
ENTRY #350----------------------------------------
TimeStamp:01/16/2008 5:01.25 PM
Severity Class #0():
Drew a Line from (0,59.4000015258789) To (33.75,59.4000015258789)
ENTRY #351----------------------------------------
TimeStamp:01/16/2008 5:01.26 PM
Severity Class #0():
Drew a Line from (0,66) To (36,66)
ENTRY #352----------------------------------------
TimeStamp:01/16/2008 5:01.26 PM
Severity Class #0():
Drew a Line from (0,59.4000015258789) To (36,59.4000015258789)
ENTRY #353----------------------------------------
TimeStamp:01/16/2008 5:01.26 PM
Severity Class #0():
Drew a Line from (0,66) To (38.25,66)
ENTRY #354----------------------------------------
TimeStamp:01/16/2008 5:01.26 PM
Severity Class #0():
Drew a Line from (0,59.4000015258789) To (38.25,59.4000015258789)
ENTRY #355----------------------------------------
TimeStamp:01/16/2008 5:01.26 PM
Severity Class #0():
Drew a Line from (0,66) To (40.5,66)
ENTRY #356----------------------------------------
TimeStamp:01/16/2008 5:01.26 PM
Severity Class #0():
Drew a Line from (0,59.4000015258789) To (40.5,59.4000015258789)
ENTRY #357----------------------------------------
TimeStamp:01/16/2008 5:01.26 PM
Severity Class #0():
Drew a Line from (0,66) To (42.75,66)
ENTRY #358----------------------------------------
TimeStamp:01/16/2008 5:01.26 PM
Severity Class #0():
Drew a Line from (0,59.4000015258789) To (42.75,59.4000015258789)
ENTRY #359----------------------------------------
TimeStamp:01/16/2008 5:01.26 PM
Severity Class #0():
Drew a Line from (0,66) To (45,66)
ENTRY #360----------------------------------------
TimeStamp:01/16/2008 5:01.26 PM
Severity Class #0():
Drew a Line from (0,59.4000015258789) To (45,59.4000015258789)
ENTRY #361----------------------------------------
TimeStamp:01/16/2008 5:01.26 PM
Severity Class #0():
Drew a Line from (0,66) To (47.25,66)
ENTRY #362----------------------------------------
TimeStamp:01/16/2008 5:01.26 PM
Severity Class #0():
Drew a Line from (0,59.4000015258789) To (47.25,59.4000015258789)
ENTRY #363----------------------------------------
TimeStamp:01/16/2008 5:01.26 PM
Severity Class #0():
Drew a Line from (0,66) To (49.5,66)
ENTRY #364----------------------------------------
TimeStamp:01/16/2008 5:01.26 PM
Severity Class #0():
Drew a Line from (0,59.4000015258789) To (49.5,59.4000015258789)
ENTRY #365----------------------------------------
TimeStamp:01/16/2008 5:01.26 PM
Severity Class #0():
Drew a Line from (0,66) To (51.75,66)
ENTRY #366----------------------------------------
TimeStamp:01/16/2008 5:01.26 PM
Severity Class #0():
Drew a Line from (0,59.4000015258789) To (51.75,59.4000015258789)
ENTRY #367----------------------------------------
TimeStamp:01/16/2008 5:01.26 PM
Severity Class #0():
Drew a Line from (0,66) To (54,66)
ENTRY #368----------------------------------------
TimeStamp:01/16/2008 5:01.26 PM
Severity Class #0():
Drew a Line from (0,59.4000015258789) To (54,59.4000015258789)
ENTRY #369----------------------------------------
TimeStamp:01/16/2008 5:01.26 PM
Severity Class #0():
Drew a Line from (0,66) To (56.25,66)
ENTRY #370----------------------------------------
TimeStamp:01/16/2008 5:01.26 PM
Severity Class #0():
Drew a Line from (0,59.4000015258789) To (56.25,59.4000015258789)
ENTRY #371----------------------------------------
TimeStamp:01/16/2008 5:01.26 PM
Severity Class #0():
Drew a Line from (0,66) To (58.5,66)
ENTRY #372----------------------------------------
TimeStamp:01/16/2008 5:01.26 PM
Severity Class #0():
Drew a Line from (0,59.4000015258789) To (58.5,59.4000015258789)
ENTRY #373----------------------------------------
TimeStamp:01/16/2008 5:01.26 PM
Severity Class #0():
Drew a Line from (0,66) To (60.75,66)
ENTRY #374----------------------------------------
TimeStamp:01/16/2008 5:01.26 PM
Severity Class #0():
Drew a Line from (0,59.4000015258789) To (60.75,59.4000015258789)
ENTRY #375----------------------------------------
TimeStamp:01/16/2008 5:01.26 PM
Severity Class #0():
Drew a Line from (0,66) To (63,66)
ENTRY #376----------------------------------------
TimeStamp:01/16/2008 5:01.26 PM
Severity Class #0():
Drew a Line from (0,59.4000015258789) To (63,59.4000015258789)
ENTRY #377----------------------------------------
TimeStamp:01/16/2008 5:01.26 PM
Severity Class #0():
Drew a Line from (0,66) To (65.25,66)
ENTRY #378----------------------------------------
TimeStamp:01/16/2008 5:01.26 PM
Severity Class #0():
Drew a Line from (0,59.4000015258789) To (65.25,59.4000015258789)
ENTRY #379----------------------------------------
TimeStamp:01/16/2008 5:01.27 PM
Severity Class #0():
Drew a Line from (0,66) To (67.5,66)
ENTRY #380----------------------------------------
TimeStamp:01/16/2008 5:01.27 PM
Severity Class #0():
Drew a Line from (0,59.4000015258789) To (67.5,59.4000015258789)
ENTRY #381----------------------------------------
TimeStamp:01/16/2008 5:01.27 PM
Severity Class #0():
Drew a Line from (0,66) To (69.75,66)
ENTRY #382----------------------------------------
TimeStamp:01/16/2008 5:01.27 PM
Severity Class #0():
Drew a Line from (0,59.4000015258789) To (69.75,59.4000015258789)
ENTRY #383----------------------------------------
TimeStamp:01/16/2008 5:01.27 PM
Severity Class #0():
Drew a Line from (0,66) To (72,66)
ENTRY #384----------------------------------------
TimeStamp:01/16/2008 5:01.27 PM
Severity Class #0():
Drew a Line from (0,59.4000015258789) To (72,59.4000015258789)
ENTRY #385----------------------------------------
TimeStamp:01/16/2008 5:01.27 PM
Severity Class #0():
Drew a Line from (0,66) To (74.25,66)
ENTRY #386----------------------------------------
TimeStamp:01/16/2008 5:01.27 PM
Severity Class #0():
Drew a Line from (0,59.4000015258789) To (74.25,59.4000015258789)
ENTRY #387----------------------------------------
TimeStamp:01/16/2008 5:01.27 PM
Severity Class #0():
Drew a Line from (0,66) To (76.5,66)
ENTRY #388----------------------------------------
TimeStamp:01/16/2008 5:01.27 PM
Severity Class #0():
Drew a Line from (0,59.4000015258789) To (76.5,59.4000015258789)
ENTRY #389----------------------------------------
TimeStamp:01/16/2008 5:01.27 PM
Severity Class #0():
Drew a Line from (0,66) To (78.75,66)
ENTRY #390----------------------------------------
TimeStamp:01/16/2008 5:01.27 PM
Severity Class #0():
Drew a Line from (0,59.4000015258789) To (78.75,59.4000015258789)
ENTRY #391----------------------------------------
TimeStamp:01/16/2008 5:01.27 PM
Severity Class #0():
Drew a Line from (0,66) To (81,66)
ENTRY #392----------------------------------------
TimeStamp:01/16/2008 5:01.27 PM
Severity Class #0():
Drew a Line from (0,59.4000015258789) To (81,59.4000015258789)
ENTRY #393----------------------------------------
TimeStamp:01/16/2008 5:01.27 PM
Severity Class #0():
Drew a Line from (0,66) To (83.25,66)
ENTRY #394----------------------------------------
TimeStamp:01/16/2008 5:01.27 PM
Severity Class #0():
Drew a Line from (0,59.4000015258789) To (83.25,59.4000015258789)
ENTRY #395----------------------------------------
TimeStamp:01/16/2008 5:01.27 PM
Severity Class #0():
Drew a Line from (0,66) To (85.5,66)
ENTRY #396----------------------------------------
TimeStamp:01/16/2008 5:01.27 PM
Severity Class #0():
Drew a Line from (0,59.4000015258789) To (85.5,59.4000015258789)
ENTRY #397----------------------------------------
TimeStamp:01/16/2008 5:01.27 PM
Severity Class #0():
Drew a Line from (0,66) To (87.75,66)
ENTRY #398----------------------------------------
TimeStamp:01/16/2008 5:01.27 PM
Severity Class #0():
Drew a Line from (0,59.4000015258789) To (87.75,59.4000015258789)
ENTRY #399----------------------------------------
TimeStamp:01/16/2008 5:01.27 PM
Severity Class #0():
Drew a Line from (0,66) To (90,66)
ENTRY #400----------------------------------------
TimeStamp:01/16/2008 5:01.27 PM
Severity Class #0():
Drew a Line from (0,59.4000015258789) To (90,59.4000015258789)
ENTRY #401----------------------------------------
TimeStamp:01/16/2008 5:01.27 PM
Severity Class #0():
Drew a Line from (0,66) To (92.25,66)
ENTRY #402----------------------------------------
TimeStamp:01/16/2008 5:01.27 PM
Severity Class #0():
Drew a Line from (0,59.4000015258789) To (92.25,59.4000015258789)
ENTRY #403----------------------------------------
TimeStamp:01/16/2008 5:01.27 PM
Severity Class #0():
Drew a Line from (0,66) To (94.5,66)
ENTRY #404----------------------------------------
TimeStamp:01/16/2008 5:01.27 PM
Severity Class #0():
Drew a Line from (0,59.4000015258789) To (94.5,59.4000015258789)
ENTRY #405----------------------------------------
TimeStamp:01/16/2008 5:01.27 PM
Severity Class #0():
Drew a Line from (0,66) To (96.75,66)
ENTRY #406----------------------------------------
TimeStamp:01/16/2008 5:01.28 PM
Severity Class #0():
Drew a Line from (0,59.4000015258789) To (96.75,59.4000015258789)
ENTRY #407----------------------------------------
TimeStamp:01/16/2008 5:01.28 PM
Severity Class #0():
Drew a Line from (0,66) To (99,66)
ENTRY #408----------------------------------------
TimeStamp:01/16/2008 5:01.28 PM
Severity Class #0():
Drew a Line from (0,59.4000015258789) To (99,59.4000015258789)
ENTRY #409----------------------------------------
TimeStamp:01/16/2008 5:01.28 PM
Severity Class #0():
Drew a Line from (0,66) To (101.25,66)
ENTRY #410----------------------------------------
TimeStamp:01/16/2008 5:01.28 PM
Severity Class #0():
Drew a Line from (0,59.4000015258789) To (101.25,59.4000015258789)
ENTRY #411----------------------------------------
TimeStamp:01/16/2008 5:01.28 PM
Severity Class #0():
Drew a Line from (0,66) To (103.5,66)
ENTRY #412----------------------------------------
TimeStamp:01/16/2008 5:01.28 PM
Severity Class #0():
Drew a Line from (0,59.4000015258789) To (103.5,59.4000015258789)
ENTRY #413----------------------------------------
TimeStamp:01/16/2008 5:01.28 PM
Severity Class #0():
Drew a Line from (0,66) To (105.75,66)
ENTRY #414----------------------------------------
TimeStamp:01/16/2008 5:01.28 PM
Severity Class #0():
Drew a Line from (0,59.4000015258789) To (105.75,59.4000015258789)
ENTRY #415----------------------------------------
TimeStamp:01/16/2008 5:01.28 PM
Severity Class #0():
Drew a Line from (0,66) To (108,66)
ENTRY #416----------------------------------------
TimeStamp:01/16/2008 5:01.28 PM
Severity Class #0():
Drew a Line from (0,59.4000015258789) To (108,59.4000015258789)
ENTRY #417----------------------------------------
TimeStamp:01/16/2008 5:01.28 PM
Severity Class #0():
Drew a Line from (0,66) To (110.25,66)
ENTRY #418----------------------------------------
TimeStamp:01/16/2008 5:01.28 PM
Severity Class #0():
Drew a Line from (0,59.4000015258789) To (110.25,59.4000015258789)
ENTRY #419----------------------------------------
TimeStamp:01/16/2008 5:01.28 PM
Severity Class #0():
Drew a Line from (0,66) To (112.5,66)
ENTRY #420----------------------------------------
TimeStamp:01/16/2008 5:01.28 PM
Severity Class #0():
Drew a Line from (0,59.4000015258789) To (112.5,59.4000015258789)
ENTRY #421----------------------------------------
TimeStamp:01/16/2008 5:01.28 PM
Severity Class #0():
Drew a Line from (0,66) To (114.75,66)
ENTRY #422----------------------------------------
TimeStamp:01/16/2008 5:01.28 PM
Severity Class #0():
Drew a Line from (0,59.4000015258789) To (114.75,59.4000015258789)
ENTRY #423----------------------------------------
TimeStamp:01/16/2008 5:01.28 PM
Severity Class #0():
Drew a Line from (0,66) To (117,66)
ENTRY #424----------------------------------------
TimeStamp:01/16/2008 5:01.28 PM
Severity Class #0():
Drew a Line from (0,59.4000015258789) To (117,59.4000015258789)
ENTRY #425----------------------------------------
TimeStamp:01/16/2008 5:01.28 PM
Severity Class #0():
Drew a Line from (0,66) To (119.25,66)
ENTRY #426----------------------------------------
TimeStamp:01/16/2008 5:01.28 PM
Severity Class #0():
Drew a Line from (0,59.4000015258789) To (119.25,59.4000015258789)
ENTRY #427----------------------------------------
TimeStamp:01/16/2008 5:01.28 PM
Severity Class #0():
Drew a Line from (0,66) To (121.5,66)
ENTRY #428----------------------------------------
TimeStamp:01/16/2008 5:01.28 PM
Severity Class #0():
Drew a Line from (0,59.4000015258789) To (121.5,59.4000015258789)
ENTRY #429----------------------------------------
TimeStamp:01/16/2008 5:01.28 PM
Severity Class #0():
Drew a Line from (0,66) To (123.75,66)
ENTRY #430----------------------------------------
TimeStamp:01/16/2008 5:01.28 PM
Severity Class #0():
Drew a Line from (0,59.4000015258789) To (123.75,59.4000015258789)
ENTRY #431----------------------------------------
TimeStamp:01/16/2008 5:01.28 PM
Severity Class #0():
Drew a Line from (0,66) To (126,66)
ENTRY #432----------------------------------------
TimeStamp:01/16/2008 5:01.28 PM
Severity Class #0():
Drew a Line from (0,59.4000015258789) To (126,59.4000015258789)
ENTRY #433----------------------------------------
TimeStamp:01/16/2008 5:01.29 PM
Severity Class #0():
Drew a Line from (0,66) To (128.25,66)
ENTRY #434----------------------------------------
TimeStamp:01/16/2008 5:01.29 PM
Severity Class #0():
Drew a Line from (0,59.4000015258789) To (128.25,59.4000015258789)
ENTRY #435----------------------------------------
TimeStamp:01/16/2008 5:01.29 PM
Severity Class #0():
Drew a Line from (0,66) To (130.5,66)
ENTRY #436----------------------------------------
TimeStamp:01/16/2008 5:01.29 PM
Severity Class #0():
Drew a Line from (0,59.4000015258789) To (130.5,59.4000015258789)
ENTRY #437----------------------------------------
TimeStamp:01/16/2008 5:01.29 PM
Severity Class #0():
Drew a Line from (0,66) To (132.75,66)
ENTRY #438----------------------------------------
TimeStamp:01/16/2008 5:01.29 PM
Severity Class #0():
Drew a Line from (0,59.4000015258789) To (132.75,59.4000015258789)
ENTRY #439----------------------------------------
TimeStamp:01/16/2008 5:01.29 PM
Severity Class #0():
Drew a Line from (0,66) To (135,66)
ENTRY #440----------------------------------------
TimeStamp:01/16/2008 5:01.29 PM
Severity Class #0():
Drew a Line from (0,59.4000015258789) To (135,59.4000015258789)
ENTRY #441----------------------------------------
TimeStamp:01/16/2008 5:01.29 PM
Severity Class #0():
Drew a Line from (0,66) To (137.25,66)
ENTRY #442----------------------------------------
TimeStamp:01/16/2008 5:01.29 PM
Severity Class #0():
Drew a Line from (0,59.4000015258789) To (137.25,59.4000015258789)
ENTRY #443----------------------------------------
TimeStamp:01/16/2008 5:01.29 PM
Severity Class #0():
Drew a Line from (0,66) To (139.5,66)
ENTRY #444----------------------------------------
TimeStamp:01/16/2008 5:01.29 PM
Severity Class #0():
Drew a Line from (0,59.4000015258789) To (139.5,59.4000015258789)
ENTRY #445----------------------------------------
TimeStamp:01/16/2008 5:01.29 PM
Severity Class #0():
Drew a Line from (0,66) To (141.75,66)
ENTRY #446----------------------------------------
TimeStamp:01/16/2008 5:01.29 PM
Severity Class #0():
Drew a Line from (0,59.4000015258789) To (141.75,59.4000015258789)
ENTRY #447----------------------------------------
TimeStamp:01/16/2008 5:01.29 PM
Severity Class #0():
Drew a Line from (0,66) To (144,66)
ENTRY #448----------------------------------------
TimeStamp:01/16/2008 5:01.29 PM
Severity Class #0():
Drew a Line from (0,59.4000015258789) To (144,59.4000015258789)
ENTRY #449----------------------------------------
TimeStamp:01/16/2008 5:01.29 PM
Severity Class #0():
Drew a Line from (0,66) To (146.25,66)
ENTRY #450----------------------------------------
TimeStamp:01/16/2008 5:01.29 PM
Severity Class #0():
Drew a Line from (0,59.4000015258789) To (146.25,59.4000015258789)
ENTRY #451----------------------------------------
TimeStamp:01/16/2008 5:01.29 PM
Severity Class #0():
Drew a Line from (0,66) To (148.5,66)
ENTRY #452----------------------------------------
TimeStamp:01/16/2008 5:01.29 PM
Severity Class #0():
Drew a Line from (0,59.4000015258789) To (148.5,59.4000015258789)
ENTRY #453----------------------------------------
TimeStamp:01/16/2008 5:01.29 PM
Severity Class #0():
Drew a Line from (0,66) To (150.75,66)
ENTRY #454----------------------------------------
TimeStamp:01/16/2008 5:01.29 PM
Severity Class #0():
Drew a Line from (0,59.4000015258789) To (150.75,59.4000015258789)
ENTRY #455----------------------------------------
TimeStamp:01/16/2008 5:01.29 PM
Severity Class #0():
Drew a Line from (0,66) To (153,66)
ENTRY #456----------------------------------------
TimeStamp:01/16/2008 5:01.29 PM
Severity Class #0():
Drew a Line from (0,59.4000015258789) To (153,59.4000015258789)
ENTRY #457----------------------------------------
TimeStamp:01/16/2008 5:01.29 PM
Severity Class #0():
Drew a Line from (0,66) To (155.25,66)
ENTRY #458----------------------------------------
TimeStamp:01/16/2008 5:01.29 PM
Severity Class #0():
Drew a Line from (0,59.4000015258789) To (155.25,59.4000015258789)
ENTRY #459----------------------------------------
TimeStamp:01/16/2008 5:01.30 PM
Severity Class #0():
Drew a Line from (0,66) To (157.5,66)
ENTRY #460----------------------------------------
TimeStamp:01/16/2008 5:01.30 PM
Severity Class #0():
Drew a Line from (0,59.4000015258789) To (157.5,59.4000015258789)
ENTRY #461----------------------------------------
TimeStamp:01/16/2008 5:01.30 PM
Severity Class #0():
Drew a Line from (0,66) To (159.75,66)
ENTRY #462----------------------------------------
TimeStamp:01/16/2008 5:01.30 PM
Severity Class #0():
Drew a Line from (0,59.4000015258789) To (159.75,59.4000015258789)
ENTRY #463----------------------------------------
TimeStamp:01/16/2008 5:01.30 PM
Severity Class #0():
Drew a Line from (0,66) To (162,66)
ENTRY #464----------------------------------------
TimeStamp:01/16/2008 5:01.30 PM
Severity Class #0():
Drew a Line from (0,59.4000015258789) To (162,59.4000015258789)
ENTRY #465----------------------------------------
TimeStamp:01/16/2008 5:01.30 PM
Severity Class #0():
Drew a Line from (0,66) To (164.25,66)
ENTRY #466----------------------------------------
TimeStamp:01/16/2008 5:01.30 PM
Severity Class #0():
Drew a Line from (0,59.4000015258789) To (164.25,59.4000015258789)
ENTRY #467----------------------------------------
TimeStamp:01/16/2008 5:01.30 PM
Severity Class #0():
Drew a Line from (0,66) To (166.5,66)
ENTRY #468----------------------------------------
TimeStamp:01/16/2008 5:01.30 PM
Severity Class #0():
Drew a Line from (0,59.4000015258789) To (166.5,59.4000015258789)
ENTRY #469----------------------------------------
TimeStamp:01/16/2008 5:01.30 PM
Severity Class #0():
Drew a Line from (0,66) To (168.75,66)
ENTRY #470----------------------------------------
TimeStamp:01/16/2008 5:01.30 PM
Severity Class #0():
Drew a Line from (0,59.4000015258789) To (168.75,59.4000015258789)
ENTRY #471----------------------------------------
TimeStamp:01/16/2008 5:01.30 PM
Severity Class #0():
Drew a Line from (0,66) To (171,66)
ENTRY #472----------------------------------------
TimeStamp:01/16/2008 5:01.30 PM
Severity Class #0():
Drew a Line from (0,59.4000015258789) To (171,59.4000015258789)
ENTRY #473----------------------------------------
TimeStamp:01/16/2008 5:01.30 PM
Severity Class #0():
Drew a Line from (0,66) To (173.25,66)
ENTRY #474----------------------------------------
TimeStamp:01/16/2008 5:01.30 PM
Severity Class #0():
Drew a Line from (0,59.4000015258789) To (173.25,59.4000015258789)
ENTRY #475----------------------------------------
TimeStamp:01/16/2008 5:01.30 PM
Severity Class #0():
Drew a Line from (0,66) To (175.5,66)
ENTRY #476----------------------------------------
TimeStamp:01/16/2008 5:01.30 PM
Severity Class #0():
Drew a Line from (0,59.4000015258789) To (175.5,59.4000015258789)
ENTRY #477----------------------------------------
TimeStamp:01/16/2008 5:01.30 PM
Severity Class #0():
Drew a Line from (0,66) To (177.75,66)
ENTRY #478----------------------------------------
TimeStamp:01/16/2008 5:01.30 PM
Severity Class #0():
Drew a Line from (0,59.4000015258789) To (177.75,59.4000015258789)
ENTRY #479----------------------------------------
TimeStamp:01/16/2008 5:01.30 PM
Severity Class #0():
Drew a Line from (0,66) To (180,66)
ENTRY #480----------------------------------------
TimeStamp:01/16/2008 5:01.30 PM
Severity Class #0():
Drew a Line from (0,59.4000015258789) To (180,59.4000015258789)
