BASeCamp CDebug Class Debug Log output.
log at 03/17/2009 on GIGATRON as mburgwin at 17:06.07
################################################################################
System Info for this session:
Environment variables:

ALLUSERSPROFILE=C:\Documents and Settings\All Users
APPDATA=C:\Documents and Settings\mburgwin\Application Data
CLIENTNAME=Console
CommonProgramFiles=C:\Program Files\Common Files
COMPUTERNAME=GIGATRON
ComSpec=C:\WINDOWS\system32\cmd.exe
DEVMGR_SHOW_NONPRESENT_DEVICES=1
FP_NO_HOST_CHECK=NO
HOMEDRIVE=C:
HOMEPATH=\Documents and Settings\mburgwin
include=D:\Programs\Microsoft Visual Studio\VC98\atl\include;D:\Programs\Microsoft Visual Studio\VC98\mfc\include;D:\Programs\Microsoft Visual Studio\VC98\include
lib=D:\Programs\Microsoft Visual Studio\VC98\mfc\lib;D:\Programs\Microsoft Visual Studio\VC98\lib
LOGONSERVER=\\GIGATRON
MSDevDir=D:\programs\Microsoft Visual Studio\Common\MSDev98
NUMBER_OF_PROCESSORS=1
OS=Windows_NT
Path=C:\WINDOWS\system32;C:\WINDOWS;C:\WINDOWS\system32\wbem;C:\Program Files\Common Files\Autodesk Shared;C:\Program Files\backburner 2;D:\programs\Rational\common;C:\windows;C:\windows\system32;C:\windows\system32\wbem;D:\Programs\Microsoft Visual Studio\Common\Tools\WinNT;D:\Programs\Microsoft Visual Studio\Common\MSDev98\Bin;D:\Programs\Microsoft Visual Studio\Common\Tools;D:\Programs\Microsoft Visual Studio\VC98\bin;D:\Programs\IDM Computer Solutions\UltraEdit\;D:\Programs\IDM Computer Solutions\UltraCompare
PATHEXT=.COM;.EXE;.BAT;.CMD;.VBS;.VBE;.JS;.JSE;.WSF;.WSH
PROCESSOR_ARCHITECTURE=x86
PROCESSOR_IDENTIFIER=x86 Family 15 Model 1 Stepping 2, GenuineIntel
PROCESSOR_LEVEL=15
PROCESSOR_REVISION=0102
ProgramFiles=C:\Program Files
SESSIONNAME=Console
STACKS=0,0
SystemDrive=C:
SystemRoot=C:\WINDOWS
TEMP=C:\DOCUME~1\mburgwin\LOCALS~1\Temp
TMP=C:\DOCUME~1\mburgwin\LOCALS~1\Temp
USERDOMAIN=GIGATRON
USERNAME=mburgwin
USERPROFILE=C:\Documents and Settings\mburgwin
VS80COMNTOOLS=D:\Programs\Microsoft Visual Studio 8\Common7\Tools\
windir=C:\WINDOWS


################################################################################
***************BEGIN LOG*******************
ENTRY #1----------------------------------------
TimeStamp:03/17/2009 5:06.07 PM
Severity Class #0():
Drew a Line from (0,81.898811340332) To (3.46250009536743,94.5270462036133)
ENTRY #2----------------------------------------
TimeStamp:03/17/2009 5:06.07 PM
Severity Class #0():
Drew a Line from (0,81.898811340332) To (6.92500019073486,108.272750854492)
ENTRY #3----------------------------------------
TimeStamp:03/17/2009 5:06.07 PM
Severity Class #0():
Drew a Line from (0,81.898811340332) To (10.3874998092651,122.281288146973)
ENTRY #4----------------------------------------
TimeStamp:03/17/2009 5:06.07 PM
Severity Class #0():
Drew a Line from (0,81.898811340332) To (13.8500003814697,135.681671142578)
ENTRY #5----------------------------------------
TimeStamp:03/17/2009 5:06.07 PM
Severity Class #0():
Drew a Line from (0,81.898811340332) To (17.3125,147.640716552734)
ENTRY #6----------------------------------------
TimeStamp:03/17/2009 5:06.07 PM
Severity Class #0():
Drew a Line from (0,81.898811340332) To (20.7749996185303,157.414886474609)
ENTRY #7----------------------------------------
TimeStamp:03/17/2009 5:06.07 PM
Severity Class #0():
Drew a Line from (0,81.898811340332) To (24.2374992370605,164.396484375)
ENTRY #8----------------------------------------
TimeStamp:03/17/2009 5:06.07 PM
Severity Class #0():
Drew a Line from (0,81.898811340332) To (27.7000007629395,168.151397705078)
ENTRY #9----------------------------------------
TimeStamp:03/17/2009 5:06.07 PM
Severity Class #0():
Drew a Line from (0,81.898811340332) To (31.1625003814697,168.446182250977)
ENTRY #10----------------------------------------
TimeStamp:03/17/2009 5:06.07 PM
Severity Class #0():
Drew a Line from (0,81.898811340332) To (34.625,165.262496948242)
ENTRY #11----------------------------------------
TimeStamp:03/17/2009 5:06.07 PM
Severity Class #0():
Drew a Line from (0,81.898811340332) To (38.0875015258789,158.798294067383)
ENTRY #12----------------------------------------
TimeStamp:03/17/2009 5:06.07 PM
Severity Class #0():
Drew a Line from (0,81.898811340332) To (41.5499992370605,149.455505371094)
ENTRY #13----------------------------------------
TimeStamp:03/17/2009 5:06.07 PM
Severity Class #0():
Drew a Line from (0,81.898811340332) To (45.0125007629395,137.814971923828)
ENTRY #14----------------------------------------
TimeStamp:03/17/2009 5:06.07 PM
Severity Class #0():
Drew a Line from (0,81.898811340332) To (48.4749984741211,124.600494384766)
ENTRY #15----------------------------------------
TimeStamp:03/17/2009 5:06.07 PM
Severity Class #0():
Drew a Line from (0,81.898811340332) To (51.9375,110.633666992188)
ENTRY #16----------------------------------------
TimeStamp:03/17/2009 5:06.07 PM
Severity Class #0():
Drew a Line from (0,81.898811340332) To (55.4000015258789,96.7828750610352)
ENTRY #17----------------------------------------
TimeStamp:03/17/2009 5:06.07 PM
Severity Class #0():
Drew a Line from (0,81.898811340332) To (58.8624992370605,83.9093017578125)
ENTRY #18----------------------------------------
TimeStamp:03/17/2009 5:06.07 PM
Severity Class #0():
Drew a Line from (0,81.898811340332) To (62.3250007629395,72.8133544921875)
ENTRY #19----------------------------------------
TimeStamp:03/17/2009 5:06.07 PM
Severity Class #0():
Drew a Line from (0,81.898811340332) To (65.7874984741211,64.1849365234375)
ENTRY #20----------------------------------------
TimeStamp:03/17/2009 5:06.07 PM
Severity Class #0():
Drew a Line from (0,81.898811340332) To (69.25,58.5605087280273)
ENTRY #21----------------------------------------
TimeStamp:03/17/2009 5:06.07 PM
Severity Class #0():
Drew a Line from (0,81.898811340332) To (72.7125015258789,56.2897834777832)
ENTRY #22----------------------------------------
TimeStamp:03/17/2009 5:06.07 PM
Severity Class #0():
Drew a Line from (0,81.898811340332) To (76.1750030517578,57.5139312744141)
ENTRY #23----------------------------------------
TimeStamp:03/17/2009 5:06.07 PM
Severity Class #0():
Drew a Line from (0,81.898811340332) To (79.6374969482422,62.1568489074707)
ENTRY #24----------------------------------------
TimeStamp:03/17/2009 5:06.07 PM
Severity Class #0():
Drew a Line from (0,81.898811340332) To (83.0999984741211,69.9298553466797)
ENTRY #25----------------------------------------
TimeStamp:03/17/2009 5:06.07 PM
Severity Class #0():
Drew a Line from (0,81.898811340332) To (86.5625,80.3496780395508)
ENTRY #26----------------------------------------
TimeStamp:03/17/2009 5:06.07 PM
Severity Class #0():
Drew a Line from (0,81.898811340332) To (90.0250015258789,92.7684478759766)
ENTRY #27----------------------------------------
TimeStamp:03/17/2009 5:06.07 PM
Severity Class #0():
Drew a Line from (0,81.898811340332) To (93.4875030517578,106.414024353027)
ENTRY #28----------------------------------------
TimeStamp:03/17/2009 5:06.07 PM
Severity Class #0():
Drew a Line from (0,81.898811340332) To (96.9499969482422,120.437995910645)
ENTRY #29----------------------------------------
TimeStamp:03/17/2009 5:06.07 PM
Severity Class #0():
Drew a Line from (0,81.898811340332) To (100.412498474121,133.96842956543)
ENTRY #30----------------------------------------
TimeStamp:03/17/2009 5:06.07 PM
Severity Class #0():
Drew a Line from (0,81.898811340332) To (103.875,146.1640625)
ENTRY #31----------------------------------------
TimeStamp:03/17/2009 5:06.07 PM
Severity Class #0():
Drew a Line from (0,81.898811340332) To (107.337501525879,156.266616821289)
ENTRY #32----------------------------------------
TimeStamp:03/17/2009 5:06.07 PM
Severity Class #0():
Drew a Line from (0,81.898811340332) To (110.800003051758,163.647979736328)
ENTRY #33----------------------------------------
TimeStamp:03/17/2009 5:06.07 PM
Severity Class #0():
Drew a Line from (0,81.898811340332) To (114.262496948242,167.849197387695)
ENTRY #34----------------------------------------
TimeStamp:03/17/2009 5:06.07 PM
Severity Class #0():
Drew a Line from (0,81.898811340332) To (117.724998474121,168.609100341797)
ENTRY #35----------------------------------------
TimeStamp:03/17/2009 5:06.07 PM
Severity Class #0():
Drew a Line from (0,81.898811340332) To (121.1875,165.880386352539)
ENTRY #36----------------------------------------
TimeStamp:03/17/2009 5:06.07 PM
Severity Class #0():
Drew a Line from (0,81.898811340332) To (124.650001525879,159.832733154297)
ENTRY #37----------------------------------------
TimeStamp:03/17/2009 5:06.07 PM
Severity Class #0():
Drew a Line from (0,81.898811340332) To (128.112503051758,150.842178344727)
ENTRY #38----------------------------------------
TimeStamp:03/17/2009 5:06.07 PM
Severity Class #0():
Drew a Line from (0,81.898811340332) To (131.574996948242,139.467697143555)
ENTRY #39----------------------------------------
TimeStamp:03/17/2009 5:06.07 PM
Severity Class #0():
Drew a Line from (0,81.898811340332) To (135.037506103516,126.416473388672)
ENTRY #40----------------------------------------
TimeStamp:03/17/2009 5:06.08 PM
Severity Class #0():
Drew a Line from (0,81.898811340332) To (138.5,112.5)
ENTRY #41----------------------------------------
TimeStamp:03/17/2009 5:06.08 PM
Severity Class #0():
Drew a Line from (0,81.898811340332) To (141.962493896484,98.5835266113281)
ENTRY #42----------------------------------------
TimeStamp:03/17/2009 5:06.08 PM
Severity Class #0():
Drew a Line from (0,81.898811340332) To (145.425003051758,85.5323181152344)
ENTRY #43----------------------------------------
TimeStamp:03/17/2009 5:06.08 PM
Severity Class #0():
Drew a Line from (0,81.898811340332) To (148.887496948242,74.1578216552734)
ENTRY #44----------------------------------------
TimeStamp:03/17/2009 5:06.08 PM
Severity Class #0():
Drew a Line from (0,81.898811340332) To (152.350006103516,65.1672592163086)
ENTRY #45----------------------------------------
TimeStamp:03/17/2009 5:06.08 PM
Severity Class #0():
Drew a Line from (0,81.898811340332) To (155.8125,59.1196174621582)
ENTRY #46----------------------------------------
TimeStamp:03/17/2009 5:06.08 PM
Severity Class #0():
Drew a Line from (0,81.898811340332) To (159.274993896484,56.3909072875977)
ENTRY #47----------------------------------------
TimeStamp:03/17/2009 5:06.08 PM
Severity Class #0():
Drew a Line from (0,81.898811340332) To (162.737503051758,57.1507949829102)
ENTRY #48----------------------------------------
TimeStamp:03/17/2009 5:06.08 PM
Severity Class #0():
Drew a Line from (0,81.898811340332) To (166.199996948242,61.3520164489746)
ENTRY #49----------------------------------------
TimeStamp:03/17/2009 5:06.08 PM
Severity Class #0():
Drew a Line from (0,81.898811340332) To (169.662506103516,68.7333831787109)
ENTRY #50----------------------------------------
TimeStamp:03/17/2009 5:06.08 PM
Severity Class #0():
Drew a Line from (0,81.898811340332) To (173.125,78.8359451293945)
ENTRY #51----------------------------------------
TimeStamp:03/17/2009 5:06.08 PM
Severity Class #0():
Drew a Line from (0,81.898811340332) To (176.587493896484,91.0315704345703)
ENTRY #52----------------------------------------
TimeStamp:03/17/2009 5:06.08 PM
Severity Class #0():
Drew a Line from (0,81.898811340332) To (180.050003051758,104.562004089355)
ENTRY #53----------------------------------------
TimeStamp:03/17/2009 5:06.08 PM
Severity Class #0():
Drew a Line from (0,81.898811340332) To (183.512496948242,118.585975646973)
ENTRY #54----------------------------------------
TimeStamp:03/17/2009 5:06.08 PM
Severity Class #0():
Drew a Line from (0,81.898811340332) To (186.975006103516,132.231552124023)
ENTRY #55----------------------------------------
TimeStamp:03/17/2009 5:06.08 PM
Severity Class #0():
Drew a Line from (0,81.898811340332) To (190.4375,144.650329589844)
ENTRY #56----------------------------------------
TimeStamp:03/17/2009 5:06.08 PM
Severity Class #0():
Drew a Line from (0,81.898811340332) To (193.899993896484,155.07014465332)
ENTRY #57----------------------------------------
TimeStamp:03/17/2009 5:06.08 PM
Severity Class #0():
Drew a Line from (0,81.898811340332) To (197.362503051758,162.843154907227)
ENTRY #58----------------------------------------
TimeStamp:03/17/2009 5:06.08 PM
Severity Class #0():
Drew a Line from (0,81.898811340332) To (200.824996948242,167.486068725586)
ENTRY #59----------------------------------------
TimeStamp:03/17/2009 5:06.08 PM
Severity Class #0():
Drew a Line from (0,81.898811340332) To (204.287506103516,168.710220336914)
ENTRY #60----------------------------------------
TimeStamp:03/17/2009 5:06.08 PM
Severity Class #0():
Drew a Line from (0,81.898811340332) To (207.75,166.439483642578)
ENTRY #61----------------------------------------
TimeStamp:03/17/2009 5:06.08 PM
Severity Class #0():
Drew a Line from (0,81.898811340332) To (211.212493896484,160.815048217773)
ENTRY #62----------------------------------------
TimeStamp:03/17/2009 5:06.08 PM
Severity Class #0():
Drew a Line from (0,81.898811340332) To (214.675003051758,152.186630249023)
ENTRY #63----------------------------------------
TimeStamp:03/17/2009 5:06.08 PM
Severity Class #0():
Drew a Line from (0,81.898811340332) To (218.137496948242,141.090682983398)
ENTRY #64----------------------------------------
TimeStamp:03/17/2009 5:06.08 PM
Severity Class #0():
Drew a Line from (0,81.898811340332) To (221.600006103516,128.21711730957)
ENTRY #65----------------------------------------
TimeStamp:03/17/2009 5:06.08 PM
Severity Class #0():
Drew a Line from (0,81.898811340332) To (225.0625,114.366333007813)
ENTRY #66----------------------------------------
TimeStamp:03/17/2009 5:06.08 PM
Severity Class #0():
Drew a Line from (0,81.898811340332) To (228.524993896484,100.399505615234)
ENTRY #67----------------------------------------
TimeStamp:03/17/2009 5:06.08 PM
Severity Class #0():
Drew a Line from (0,81.898811340332) To (231.987503051758,87.1850204467773)
ENTRY #68----------------------------------------
TimeStamp:03/17/2009 5:06.08 PM
Severity Class #0():
Drew a Line from (0,81.898811340332) To (235.449996948242,75.5445022583008)
ENTRY #69----------------------------------------
TimeStamp:03/17/2009 5:06.08 PM
Severity Class #0():
Drew a Line from (0,81.898811340332) To (238.912506103516,66.2016983032227)
ENTRY #70----------------------------------------
TimeStamp:03/17/2009 5:06.08 PM
Severity Class #0():
Drew a Line from (0,81.898811340332) To (242.375,59.7374992370605)
ENTRY #71----------------------------------------
TimeStamp:03/17/2009 5:06.08 PM
Severity Class #0():
Drew a Line from (0,81.898811340332) To (245.837493896484,56.5538215637207)
ENTRY #72----------------------------------------
TimeStamp:03/17/2009 5:06.08 PM
Severity Class #0():
Drew a Line from (0,81.898811340332) To (249.300003051758,56.8485984802246)
ENTRY #73----------------------------------------
TimeStamp:03/17/2009 5:06.08 PM
Severity Class #0():
Drew a Line from (0,81.898811340332) To (252.762496948242,60.603515625)
ENTRY #74----------------------------------------
TimeStamp:03/17/2009 5:06.08 PM
Severity Class #0():
Drew a Line from (0,81.898811340332) To (256.225006103516,67.5850982666016)
ENTRY #75----------------------------------------
TimeStamp:03/17/2009 5:06.08 PM
Severity Class #0():
Drew a Line from (0,81.898811340332) To (259.6875,77.3592758178711)
ENTRY #76----------------------------------------
TimeStamp:03/17/2009 5:06.08 PM
Severity Class #0():
Drew a Line from (0,81.898811340332) To (263.149993896484,89.3183364868164)
ENTRY #77----------------------------------------
TimeStamp:03/17/2009 5:06.08 PM
Severity Class #0():
Drew a Line from (0,81.898811340332) To (266.612487792969,102.718711853027)
ENTRY #78----------------------------------------
TimeStamp:03/17/2009 5:06.08 PM
Severity Class #0():
Drew a Line from (0,81.898811340332) To (270.075012207031,116.727249145508)
ENTRY #79----------------------------------------
TimeStamp:03/17/2009 5:06.08 PM
Severity Class #0():
Drew a Line from (0,81.898811340332) To (273.537506103516,130.472961425781)
ENTRY #80----------------------------------------
TimeStamp:03/17/2009 5:06.08 PM
Severity Class #0():
Drew a Line from (0,81.898811340332) To (277,143.101181030273)
ENTRY #81----------------------------------------
TimeStamp:03/17/2009 5:06.08 PM
Severity Class #0():
Drew a Line from (0,81.898811340332) To (3.46250009536743,94.5270462036133)
ENTRY #82----------------------------------------
TimeStamp:03/17/2009 5:06.08 PM
Severity Class #0():
Drew a Line from (0,81.898811340332) To (6.92500019073486,108.272750854492)
ENTRY #83----------------------------------------
TimeStamp:03/17/2009 5:06.08 PM
Severity Class #0():
Drew a Line from (0,81.898811340332) To (10.3874998092651,122.281288146973)
ENTRY #84----------------------------------------
TimeStamp:03/17/2009 5:06.08 PM
Severity Class #0():
Drew a Line from (0,81.898811340332) To (13.8500003814697,135.681671142578)
ENTRY #85----------------------------------------
TimeStamp:03/17/2009 5:06.08 PM
Severity Class #0():
Drew a Line from (0,81.898811340332) To (17.3125,147.640716552734)
ENTRY #86----------------------------------------
TimeStamp:03/17/2009 5:06.08 PM
Severity Class #0():
Drew a Line from (0,81.898811340332) To (20.7749996185303,157.414886474609)
ENTRY #87----------------------------------------
TimeStamp:03/17/2009 5:06.08 PM
Severity Class #0():
Drew a Line from (0,81.898811340332) To (24.2374992370605,164.396484375)
ENTRY #88----------------------------------------
TimeStamp:03/17/2009 5:06.08 PM
Severity Class #0():
Drew a Line from (0,81.898811340332) To (27.7000007629395,168.151397705078)
ENTRY #89----------------------------------------
TimeStamp:03/17/2009 5:06.08 PM
Severity Class #0():
Drew a Line from (0,81.898811340332) To (31.1625003814697,168.446182250977)
ENTRY #90----------------------------------------
TimeStamp:03/17/2009 5:06.08 PM
Severity Class #0():
Drew a Line from (0,81.898811340332) To (34.625,165.262496948242)
ENTRY #91----------------------------------------
TimeStamp:03/17/2009 5:06.08 PM
Severity Class #0():
Drew a Line from (0,81.898811340332) To (38.0875015258789,158.798294067383)
ENTRY #92----------------------------------------
TimeStamp:03/17/2009 5:06.08 PM
Severity Class #0():
Drew a Line from (0,81.898811340332) To (41.5499992370605,149.455505371094)
ENTRY #93----------------------------------------
TimeStamp:03/17/2009 5:06.08 PM
Severity Class #0():
Drew a Line from (0,81.898811340332) To (45.0125007629395,137.814971923828)
ENTRY #94----------------------------------------
TimeStamp:03/17/2009 5:06.08 PM
Severity Class #0():
Drew a Line from (0,81.898811340332) To (48.4749984741211,124.600494384766)
ENTRY #95----------------------------------------
TimeStamp:03/17/2009 5:06.08 PM
Severity Class #0():
Drew a Line from (0,81.898811340332) To (51.9375,110.633666992188)
ENTRY #96----------------------------------------
TimeStamp:03/17/2009 5:06.08 PM
Severity Class #0():
Drew a Line from (0,81.898811340332) To (55.4000015258789,96.7828750610352)
ENTRY #97----------------------------------------
TimeStamp:03/17/2009 5:06.08 PM
Severity Class #0():
Drew a Line from (0,81.898811340332) To (58.8624992370605,83.9093017578125)
ENTRY #98----------------------------------------
TimeStamp:03/17/2009 5:06.08 PM
Severity Class #0():
Drew a Line from (0,81.898811340332) To (62.3250007629395,72.8133544921875)
ENTRY #99----------------------------------------
TimeStamp:03/17/2009 5:06.08 PM
Severity Class #0():
Drew a Line from (0,81.898811340332) To (65.7874984741211,64.1849365234375)
ENTRY #100----------------------------------------
TimeStamp:03/17/2009 5:06.08 PM
Severity Class #0():
Drew a Line from (0,81.898811340332) To (69.25,58.5605087280273)
ENTRY #101----------------------------------------
TimeStamp:03/17/2009 5:06.08 PM
Severity Class #0():
Drew a Line from (0,81.898811340332) To (72.7125015258789,56.2897834777832)
ENTRY #102----------------------------------------
TimeStamp:03/17/2009 5:06.08 PM
Severity Class #0():
Drew a Line from (0,81.898811340332) To (76.1750030517578,57.5139312744141)
ENTRY #103----------------------------------------
TimeStamp:03/17/2009 5:06.08 PM
Severity Class #0():
Drew a Line from (0,81.898811340332) To (79.6374969482422,62.1568489074707)
ENTRY #104----------------------------------------
TimeStamp:03/17/2009 5:06.08 PM
Severity Class #0():
Drew a Line from (0,81.898811340332) To (83.0999984741211,69.9298553466797)
ENTRY #105----------------------------------------
TimeStamp:03/17/2009 5:06.08 PM
Severity Class #0():
Drew a Line from (0,81.898811340332) To (86.5625,80.3496780395508)
ENTRY #106----------------------------------------
TimeStamp:03/17/2009 5:06.08 PM
Severity Class #0():
Drew a Line from (0,81.898811340332) To (90.0250015258789,92.7684478759766)
ENTRY #107----------------------------------------
TimeStamp:03/17/2009 5:06.08 PM
Severity Class #0():
Drew a Line from (0,81.898811340332) To (93.4875030517578,106.414024353027)
ENTRY #108----------------------------------------
TimeStamp:03/17/2009 5:06.08 PM
Severity Class #0():
Drew a Line from (0,81.898811340332) To (96.9499969482422,120.437995910645)
ENTRY #109----------------------------------------
TimeStamp:03/17/2009 5:06.08 PM
Severity Class #0():
Drew a Line from (0,81.898811340332) To (100.412498474121,133.96842956543)
ENTRY #110----------------------------------------
TimeStamp:03/17/2009 5:06.08 PM
Severity Class #0():
Drew a Line from (0,81.898811340332) To (103.875,146.1640625)
ENTRY #111----------------------------------------
TimeStamp:03/17/2009 5:06.08 PM
Severity Class #0():
Drew a Line from (0,81.898811340332) To (107.337501525879,156.266616821289)
ENTRY #112----------------------------------------
TimeStamp:03/17/2009 5:06.08 PM
Severity Class #0():
Drew a Line from (0,81.898811340332) To (110.800003051758,163.647979736328)
ENTRY #113----------------------------------------
TimeStamp:03/17/2009 5:06.08 PM
Severity Class #0():
Drew a Line from (0,81.898811340332) To (114.262496948242,167.849197387695)
ENTRY #114----------------------------------------
TimeStamp:03/17/2009 5:06.08 PM
Severity Class #0():
Drew a Line from (0,81.898811340332) To (117.724998474121,168.609100341797)
ENTRY #115----------------------------------------
TimeStamp:03/17/2009 5:06.08 PM
Severity Class #0():
Drew a Line from (0,81.898811340332) To (121.1875,165.880386352539)
ENTRY #116----------------------------------------
TimeStamp:03/17/2009 5:06.08 PM
Severity Class #0():
Drew a Line from (0,81.898811340332) To (124.650001525879,159.832733154297)
ENTRY #117----------------------------------------
TimeStamp:03/17/2009 5:06.08 PM
Severity Class #0():
Drew a Line from (0,81.898811340332) To (128.112503051758,150.842178344727)
ENTRY #118----------------------------------------
TimeStamp:03/17/2009 5:06.08 PM
Severity Class #0():
Drew a Line from (0,81.898811340332) To (131.574996948242,139.467697143555)
ENTRY #119----------------------------------------
TimeStamp:03/17/2009 5:06.08 PM
Severity Class #0():
Drew a Line from (0,81.898811340332) To (135.037506103516,126.416473388672)
ENTRY #120----------------------------------------
TimeStamp:03/17/2009 5:06.09 PM
Severity Class #0():
Drew a Line from (0,81.898811340332) To (138.5,112.5)
ENTRY #121----------------------------------------
TimeStamp:03/17/2009 5:06.09 PM
Severity Class #0():
Drew a Line from (0,81.898811340332) To (141.962493896484,98.5835266113281)
ENTRY #122----------------------------------------
TimeStamp:03/17/2009 5:06.09 PM
Severity Class #0():
Drew a Line from (0,81.898811340332) To (145.425003051758,85.5323181152344)
ENTRY #123----------------------------------------
TimeStamp:03/17/2009 5:06.09 PM
Severity Class #0():
Drew a Line from (0,81.898811340332) To (148.887496948242,74.1578216552734)
ENTRY #124----------------------------------------
TimeStamp:03/17/2009 5:06.09 PM
Severity Class #0():
Drew a Line from (0,81.898811340332) To (152.350006103516,65.1672592163086)
ENTRY #125----------------------------------------
TimeStamp:03/17/2009 5:06.09 PM
Severity Class #0():
Drew a Line from (0,81.898811340332) To (155.8125,59.1196174621582)
ENTRY #126----------------------------------------
TimeStamp:03/17/2009 5:06.09 PM
Severity Class #0():
Drew a Line from (0,81.898811340332) To (159.274993896484,56.3909072875977)
ENTRY #127----------------------------------------
TimeStamp:03/17/2009 5:06.09 PM
Severity Class #0():
Drew a Line from (0,81.898811340332) To (162.737503051758,57.1507949829102)
ENTRY #128----------------------------------------
TimeStamp:03/17/2009 5:06.09 PM
Severity Class #0():
Drew a Line from (0,81.898811340332) To (166.199996948242,61.3520164489746)
ENTRY #129----------------------------------------
TimeStamp:03/17/2009 5:06.09 PM
Severity Class #0():
Drew a Line from (0,81.898811340332) To (169.662506103516,68.7333831787109)
ENTRY #130----------------------------------------
TimeStamp:03/17/2009 5:06.09 PM
Severity Class #0():
Drew a Line from (0,81.898811340332) To (173.125,78.8359451293945)
ENTRY #131----------------------------------------
TimeStamp:03/17/2009 5:06.09 PM
Severity Class #0():
Drew a Line from (0,81.898811340332) To (176.587493896484,91.0315704345703)
ENTRY #132----------------------------------------
TimeStamp:03/17/2009 5:06.09 PM
Severity Class #0():
Drew a Line from (0,81.898811340332) To (180.050003051758,104.562004089355)
ENTRY #133----------------------------------------
TimeStamp:03/17/2009 5:06.09 PM
Severity Class #0():
Drew a Line from (0,81.898811340332) To (183.512496948242,118.585975646973)
ENTRY #134----------------------------------------
TimeStamp:03/17/2009 5:06.09 PM
Severity Class #0():
Drew a Line from (0,81.898811340332) To (186.975006103516,132.231552124023)
ENTRY #135----------------------------------------
TimeStamp:03/17/2009 5:06.09 PM
Severity Class #0():
Drew a Line from (0,81.898811340332) To (190.4375,144.650329589844)
ENTRY #136----------------------------------------
TimeStamp:03/17/2009 5:06.09 PM
Severity Class #0():
Drew a Line from (0,81.898811340332) To (193.899993896484,155.07014465332)
ENTRY #137----------------------------------------
TimeStamp:03/17/2009 5:06.09 PM
Severity Class #0():
Drew a Line from (0,81.898811340332) To (197.362503051758,162.843154907227)
ENTRY #138----------------------------------------
TimeStamp:03/17/2009 5:06.09 PM
Severity Class #0():
Drew a Line from (0,81.898811340332) To (200.824996948242,167.486068725586)
ENTRY #139----------------------------------------
TimeStamp:03/17/2009 5:06.09 PM
Severity Class #0():
Drew a Line from (0,81.898811340332) To (204.287506103516,168.710220336914)
ENTRY #140----------------------------------------
TimeStamp:03/17/2009 5:06.09 PM
Severity Class #0():
Drew a Line from (0,81.898811340332) To (207.75,166.439483642578)
ENTRY #141----------------------------------------
TimeStamp:03/17/2009 5:06.09 PM
Severity Class #0():
Drew a Line from (0,81.898811340332) To (211.212493896484,160.815048217773)
ENTRY #142----------------------------------------
TimeStamp:03/17/2009 5:06.09 PM
Severity Class #0():
Drew a Line from (0,81.898811340332) To (214.675003051758,152.186630249023)
ENTRY #143----------------------------------------
TimeStamp:03/17/2009 5:06.09 PM
Severity Class #0():
Drew a Line from (0,81.898811340332) To (218.137496948242,141.090682983398)
ENTRY #144----------------------------------------
TimeStamp:03/17/2009 5:06.09 PM
Severity Class #0():
Drew a Line from (0,81.898811340332) To (221.600006103516,128.21711730957)
ENTRY #145----------------------------------------
TimeStamp:03/17/2009 5:06.09 PM
Severity Class #0():
Drew a Line from (0,81.898811340332) To (225.0625,114.366333007813)
ENTRY #146----------------------------------------
TimeStamp:03/17/2009 5:06.09 PM
Severity Class #0():
Drew a Line from (0,81.898811340332) To (228.524993896484,100.399505615234)
ENTRY #147----------------------------------------
TimeStamp:03/17/2009 5:06.09 PM
Severity Class #0():
Drew a Line from (0,81.898811340332) To (231.987503051758,87.1850204467773)
ENTRY #148----------------------------------------
TimeStamp:03/17/2009 5:06.09 PM
Severity Class #0():
Drew a Line from (0,81.898811340332) To (235.449996948242,75.5445022583008)
ENTRY #149----------------------------------------
TimeStamp:03/17/2009 5:06.09 PM
Severity Class #0():
Drew a Line from (0,81.898811340332) To (238.912506103516,66.2016983032227)
ENTRY #150----------------------------------------
TimeStamp:03/17/2009 5:06.09 PM
Severity Class #0():
Drew a Line from (0,81.898811340332) To (242.375,59.7374992370605)
ENTRY #151----------------------------------------
TimeStamp:03/17/2009 5:06.09 PM
Severity Class #0():
Drew a Line from (0,81.898811340332) To (245.837493896484,56.5538215637207)
ENTRY #152----------------------------------------
TimeStamp:03/17/2009 5:06.09 PM
Severity Class #0():
Drew a Line from (0,81.898811340332) To (249.300003051758,56.8485984802246)
ENTRY #153----------------------------------------
TimeStamp:03/17/2009 5:06.09 PM
Severity Class #0():
Drew a Line from (0,81.898811340332) To (252.762496948242,60.603515625)
ENTRY #154----------------------------------------
TimeStamp:03/17/2009 5:06.09 PM
Severity Class #0():
Drew a Line from (0,81.898811340332) To (256.225006103516,67.5850982666016)
ENTRY #155----------------------------------------
TimeStamp:03/17/2009 5:06.09 PM
Severity Class #0():
Drew a Line from (0,81.898811340332) To (259.6875,77.3592758178711)
ENTRY #156----------------------------------------
TimeStamp:03/17/2009 5:06.09 PM
Severity Class #0():
Drew a Line from (0,81.898811340332) To (263.149993896484,89.3183364868164)
ENTRY #157----------------------------------------
TimeStamp:03/17/2009 5:06.09 PM
Severity Class #0():
Drew a Line from (0,81.898811340332) To (266.612487792969,102.718711853027)
ENTRY #158----------------------------------------
TimeStamp:03/17/2009 5:06.09 PM
Severity Class #0():
Drew a Line from (0,81.898811340332) To (270.075012207031,116.727249145508)
ENTRY #159----------------------------------------
TimeStamp:03/17/2009 5:06.09 PM
Severity Class #0():
Drew a Line from (0,81.898811340332) To (273.537506103516,130.472961425781)
ENTRY #160----------------------------------------
TimeStamp:03/17/2009 5:06.09 PM
Severity Class #0():
Drew a Line from (0,81.898811340332) To (277,143.101181030273)
